{"total": {"lines":{"total":802,"covered":782,"skipped":0,"pct":97.5},"statements":{"total":877,"covered":847,"skipped":0,"pct":96.57},"functions":{"total":60,"covered":58,"skipped":0,"pct":96.66},"branches":{"total":475,"covered":400,"skipped":0,"pct":84.21},"branchesTrue":{"total":0,"covered":0,"skipped":0,"pct":"Unknown"}}
,"D:\\dev\\eJay\\tools\\find-duplicates.ts": {"lines":{"total":99,"covered":97,"skipped":0,"pct":97.97},"functions":{"total":14,"covered":12,"skipped":0,"pct":85.71},"statements":{"total":112,"covered":107,"skipped":0,"pct":95.53},"branches":{"total":43,"covered":36,"skipped":0,"pct":83.72}}
,"D:\\dev\\eJay\\tools\\pxd-parser.ts": {"lines":{"total":448,"covered":433,"skipped":0,"pct":96.65},"functions":{"total":30,"covered":30,"skipped":0,"pct":100},"statements":{"total":492,"covered":470,"skipped":0,"pct":95.52},"branches":{"total":278,"covered":229,"skipped":0,"pct":82.37}}
,"D:\\dev\\eJay\\tools\\rename-samples.ts": {"lines":{"total":120,"covered":119,"skipped":0,"pct":99.16},"functions":{"total":10,"covered":10,"skipped":0,"pct":100},"statements":{"total":128,"covered":127,"skipped":0,"pct":99.21},"branches":{"total":60,"covered":51,"skipped":0,"pct":85}}
,"D:\\dev\\eJay\\tools\\reorganize.ts": {"lines":{"total":135,"covered":133,"skipped":0,"pct":98.51},"functions":{"total":6,"covered":6,"skipped":0,"pct":100},"statements":{"total":145,"covered":143,"skipped":0,"pct":98.62},"branches":{"total":94,"covered":84,"skipped":0,"pct":89.36}}
}
