{"total": {"lines":{"total":1502,"covered":1466,"skipped":0,"pct":97.6},"statements":{"total":1679,"covered":1617,"skipped":0,"pct":96.3},"functions":{"total":128,"covered":126,"skipped":0,"pct":98.43},"branches":{"total":1092,"covered":939,"skipped":0,"pct":85.98},"branchesTrue":{"total":0,"covered":0,"skipped":0,"pct":"Unknown"}}
,"D:\\dev\\eJay\\tools\\find-duplicates.ts": {"lines":{"total":99,"covered":97,"skipped":0,"pct":97.97},"functions":{"total":14,"covered":12,"skipped":0,"pct":85.71},"statements":{"total":112,"covered":107,"skipped":0,"pct":95.53},"branches":{"total":43,"covered":36,"skipped":0,"pct":83.72}}
,"D:\\dev\\eJay\\tools\\gen1-catalog.ts": {"lines":{"total":85,"covered":84,"skipped":0,"pct":98.82},"functions":{"total":10,"covered":10,"skipped":0,"pct":100},"statements":{"total":89,"covered":88,"skipped":0,"pct":98.87},"branches":{"total":80,"covered":72,"skipped":0,"pct":90}}
,"D:\\dev\\eJay\\tools\\mix-grid-analyzer.ts": {"lines":{"total":92,"covered":91,"skipped":0,"pct":98.91},"functions":{"total":10,"covered":10,"skipped":0,"pct":100},"statements":{"total":108,"covered":107,"skipped":0,"pct":99.07},"branches":{"total":63,"covered":62,"skipped":0,"pct":98.41}}
,"D:\\dev\\eJay\\tools\\mix-parser.ts": {"lines":{"total":396,"covered":386,"skipped":0,"pct":97.47},"functions":{"total":35,"covered":35,"skipped":0,"pct":100},"statements":{"total":457,"covered":432,"skipped":0,"pct":94.52},"branches":{"total":368,"covered":305,"skipped":0,"pct":82.88}}
,"D:\\dev\\eJay\\tools\\mix-types.ts": {"lines":{"total":0,"covered":0,"skipped":0,"pct":0},"functions":{"total":0,"covered":0,"skipped":0,"pct":0},"statements":{"total":0,"covered":0,"skipped":0,"pct":0},"branches":{"total":0,"covered":0,"skipped":0,"pct":0}}
,"D:\\dev\\eJay\\tools\\normalize.ts": {"lines":{"total":118,"covered":117,"skipped":0,"pct":99.15},"functions":{"total":13,"covered":13,"skipped":0,"pct":100},"statements":{"total":139,"covered":137,"skipped":0,"pct":98.56},"branches":{"total":100,"covered":95,"skipped":0,"pct":95}}
,"D:\\dev\\eJay\\tools\\pxd-parser.ts": {"lines":{"total":453,"covered":438,"skipped":0,"pct":96.68},"functions":{"total":30,"covered":30,"skipped":0,"pct":100},"statements":{"total":497,"covered":475,"skipped":0,"pct":95.57},"branches":{"total":280,"covered":232,"skipped":0,"pct":82.85}}
,"D:\\dev\\eJay\\tools\\rename-samples.ts": {"lines":{"total":123,"covered":120,"skipped":0,"pct":97.56},"functions":{"total":10,"covered":10,"skipped":0,"pct":100},"statements":{"total":131,"covered":128,"skipped":0,"pct":97.7},"branches":{"total":62,"covered":52,"skipped":0,"pct":83.87}}
,"D:\\dev\\eJay\\tools\\reorganize.ts": {"lines":{"total":136,"covered":133,"skipped":0,"pct":97.79},"functions":{"total":6,"covered":6,"skipped":0,"pct":100},"statements":{"total":146,"covered":143,"skipped":0,"pct":97.94},"branches":{"total":96,"covered":85,"skipped":0,"pct":88.54}}
}
