TN:
SF:tools\find-duplicates.ts
FN:34,pcmDataOffset
FN:60,hashPcm
FN:84,findWavFiles
FN:87,walk
FN:110,scanOutput
FN:137,productOf
FN:150,filterSameProduct
FN:153,(anonymous_7)
FN:162,filterCrossProduct
FN:165,(anonymous_9)
FN:173,printReport
FN:183,(anonymous_11)
FN:196,writeCsv
FN:200,(anonymous_13)
FNF:14
FNH:12
FNDA:18,pcmDataOffset
FNDA:13,hashPcm
FNDA:3,findWavFiles
FNDA:6,walk
FNDA:3,scanOutput
FNDA:10,productOf
FNDA:1,filterSameProduct
FNDA:4,(anonymous_7)
FNDA:2,filterCrossProduct
FNDA:6,(anonymous_9)
FNDA:2,printReport
FNDA:0,(anonymous_11)
FNDA:1,writeCsv
FNDA:0,(anonymous_13)
DA:23,1
DA:24,1
DA:25,1
DA:35,18
DA:36,2
DA:39,16
DA:40,16
DA:41,30
DA:42,30
DA:43,30
DA:44,13
DA:46,17
DA:47,1
DA:49,16
DA:50,16
DA:53,2
DA:62,13
DA:63,13
DA:65,1
DA:66,1
DA:69,12
DA:70,12
DA:71,1
DA:72,1
DA:74,11
DA:76,10
DA:77,10
DA:78,10
DA:85,3
DA:88,6
DA:89,6
DA:90,8
DA:91,8
DA:92,3
DA:93,5
DA:94,5
DA:98,0
DA:102,3
DA:103,3
DA:111,3
DA:112,3
DA:113,3
DA:115,3
DA:116,5
DA:117,5
DA:118,5
DA:119,5
DA:120,5
DA:121,5
DA:125,3
DA:128,3
DA:129,3
DA:130,4
DA:132,3
DA:138,10
DA:139,10
DA:140,10
DA:141,10
DA:143,0
DA:151,1
DA:152,1
DA:153,4
DA:154,2
DA:156,1
DA:163,2
DA:164,2
DA:165,6
DA:166,3
DA:168,2
DA:174,2
DA:175,1
DA:176,1
DA:179,1
DA:180,1
DA:181,1
DA:183,1
DA:184,1
DA:185,1
DA:186,1
DA:187,1
DA:188,2
DA:189,2
DA:190,2
DA:192,1
DA:197,1
DA:198,1
DA:200,1
DA:201,1
DA:202,1
DA:203,1
DA:204,2
DA:205,2
DA:206,2
DA:207,2
DA:208,2
DA:209,2
DA:210,2
DA:214,1
DA:215,1
LF:99
LH:97
BRDA:35,0,0,2
BRDA:35,0,1,16
BRDA:35,1,0,18
BRDA:35,1,1,18
BRDA:35,1,2,16
BRDA:43,2,0,13
BRDA:43,2,1,17
BRDA:46,3,0,1
BRDA:46,3,1,16
BRDA:50,4,0,1
BRDA:50,4,1,15
BRDA:70,5,0,1
BRDA:70,5,1,11
BRDA:74,6,0,1
BRDA:74,6,1,10
BRDA:77,7,0,0
BRDA:77,7,1,10
BRDA:91,8,0,3
BRDA:91,8,1,5
BRDA:93,9,0,5
BRDA:93,9,1,0
BRDA:93,10,0,5
BRDA:93,10,1,5
BRDA:118,11,0,5
BRDA:118,11,1,0
BRDA:119,12,0,5
BRDA:119,12,1,4
BRDA:130,13,0,1
BRDA:130,13,1,3
BRDA:141,14,0,10
BRDA:141,14,1,0
BRDA:154,15,0,1
BRDA:154,15,1,1
BRDA:166,16,0,1
BRDA:166,16,1,2
BRDA:174,17,0,1
BRDA:174,17,1,1
BRDA:206,18,0,2
BRDA:206,18,1,0
BRDA:207,19,0,2
BRDA:207,19,1,0
BRDA:208,20,0,2
BRDA:208,20,1,0
BRF:43
BRH:36
end_of_record
TN:
SF:tools\gen1-catalog.ts
FN:125,splitCatalogLines
FN:135,(anonymous_1)
FN:150,normalisePxdPath
FN:173,parseMaxFile
FN:189,parsePxddanceFile
FN:209,parsePxdTxtChannelRanges
FN:243,categoryFromPxdTxt
FN:277,buildGen1Catalog
FN:346,resolveProductPaths
FN:363,runCli
FNF:10
FNH:10
FNDA:23,splitCatalogLines
FNDA:22334,(anonymous_1)
FNDA:10092,normalisePxdPath
FNDA:10,parseMaxFile
FNDA:4,parsePxddanceFile
FNDA:4,parsePxdTxtChannelRanges
FNDA:1359,categoryFromPxdTxt
FNDA:9,buildGen1Catalog
FNDA:6,resolveProductPaths
FNDA:7,runCli
DA:93,1
DA:127,23
DA:128,1
DA:130,23
DA:132,23
DA:133,21
DA:135,23
DA:137,22334
DA:138,14960
DA:140,7374
DA:155,10092
DA:156,10092
DA:157,3
DA:159,10089
DA:160,10089
DA:161,10089
DA:162,10092
DA:163,10092
DA:164,10092
DA:165,10092
DA:166,10092
DA:174,10
DA:190,4
DA:191,4
DA:192,4
DA:193,1355
DA:200,4
DA:210,4
DA:211,4
DA:212,4
DA:213,21
DA:214,21
DA:215,21
DA:216,0
DA:218,21
DA:220,4
DA:227,1
DA:247,1359
DA:248,7373
DA:249,7373
DA:250,1358
DA:253,1
DA:278,9
DA:279,9
DA:282,9
DA:289,9
DA:290,9
DA:291,1353
DA:292,1353
DA:293,1353
DA:297,9
DA:298,9
DA:299,9
DA:300,8735
DA:301,8735
DA:302,8733
DA:304,8735
DA:306,8735
DA:309,8735
DA:320,9
DA:350,6
DA:351,6
DA:352,1
DA:356,5
DA:368,7
DA:369,2
DA:370,2
DA:371,2
DA:372,5
DA:373,4
DA:374,4
DA:375,4
DA:376,4
DA:378,1
DA:381,6
DA:382,1
DA:385,5
DA:387,5
DA:391,7
DA:395,7
DA:405,7
DA:410,7
DA:411,5
DA:412,5
DA:415,5
LF:85
LH:84
BRDA:127,0,0,1
BRDA:127,0,1,22
BRDA:132,1,0,21
BRDA:132,1,1,2
BRDA:132,2,0,23
BRDA:132,2,1,23
BRDA:137,3,0,14960
BRDA:137,3,1,7374
BRDA:137,4,0,22334
BRDA:137,4,1,22333
BRDA:137,4,2,14960
BRDA:156,5,0,3
BRDA:156,5,1,10089
BRDA:161,6,0,10089
BRDA:161,6,1,0
BRDA:164,7,0,10088
BRDA:164,7,1,1
BRDA:165,8,0,10092
BRDA:165,8,1,0
BRDA:212,9,0,4
BRDA:212,9,1,23
BRDA:215,10,0,0
BRDA:215,10,1,21
BRDA:215,11,0,21
BRDA:215,11,1,21
BRDA:249,12,0,1358
BRDA:249,12,1,6015
BRDA:249,13,0,7373
BRDA:249,13,1,7373
BRDA:250,14,0,1358
BRDA:250,14,1,0
BRDA:279,15,0,2
BRDA:279,15,1,7
BRDA:282,16,0,2
BRDA:282,16,1,7
BRDA:292,17,0,1353
BRDA:292,17,1,0
BRDA:301,18,0,8733
BRDA:301,18,1,2
BRDA:306,19,0,8735
BRDA:306,19,1,7382
BRDA:306,19,2,6027
BRDA:315,20,0,8735
BRDA:315,20,1,7382
BRDA:316,21,0,8735
BRDA:316,21,1,7618
BRDA:321,22,0,9
BRDA:321,22,1,4
BRDA:323,23,0,9
BRDA:323,23,1,7
BRDA:351,24,0,1
BRDA:351,24,1,5
BRDA:358,25,0,2
BRDA:358,25,1,3
BRDA:359,26,0,1
BRDA:359,26,1,4
BRDA:368,27,0,2
BRDA:368,27,1,5
BRDA:370,28,0,0
BRDA:370,28,1,2
BRDA:371,29,0,0
BRDA:371,29,1,2
BRDA:372,30,0,4
BRDA:372,30,1,1
BRDA:381,31,0,1
BRDA:381,31,1,5
BRDA:387,32,0,1
BRDA:387,32,1,4
BRDA:387,33,0,5
BRDA:387,33,1,1
BRDA:391,34,0,1
BRDA:391,34,1,4
BRDA:391,35,0,7
BRDA:391,35,1,1
BRDA:405,36,0,7
BRDA:405,36,1,4
BRDA:406,37,0,4
BRDA:406,37,1,0
BRDA:410,38,0,5
BRDA:410,38,1,2
BRF:80
BRH:72
end_of_record
TN:
SF:tools\mix-grid-analyzer.ts
FN:66,productFromAppId
FN:115,findLastNonZero
FN:138,locateGridAndTrailer
FN:172,extractAsciiStrings
FN:187,toHex
FN:193,toAsciiSafe
FN:204,analyzeFormatA
FN:293,analyzeFile
FN:313,summarise
FN:330,listMixFiles
FNF:10
FNH:10
FNDA:17,productFromAppId
FNDA:24,findLastNonZero
FNDA:12,locateGridAndTrailer
FNDA:7,extractAsciiStrings
FNDA:4,toHex
FNDA:4,toAsciiSafe
FNDA:10,analyzeFormatA
FNDA:4,analyzeFile
FNDA:1,summarise
FNDA:6,listMixFiles
DA:46,1
DA:47,1
DA:48,1
DA:49,1
DA:50,1
DA:52,1
DA:53,1
DA:54,1
DA:67,17
DA:68,17
DA:69,12
DA:70,7
DA:71,3
DA:116,24
DA:117,20439
DA:119,2
DA:143,12
DA:144,12
DA:145,2
DA:148,10
DA:149,10
DA:150,10
DA:151,10
DA:152,7867
DA:153,6801
DA:154,6801
DA:155,6801
DA:157,1066
DA:158,5
DA:159,5
DA:161,1061
DA:162,1061
DA:166,5
DA:173,7
DA:174,7
DA:175,7
DA:176,29000
DA:177,297
DA:179,28703
DA:180,28703
DA:183,7
DA:184,7
DA:188,4
DA:189,28958
DA:190,4
DA:194,4
DA:195,28958
DA:196,4
DA:205,10
DA:206,10
DA:207,1
DA:226,9
DA:227,9
DA:228,9
DA:229,9
DA:231,9
DA:232,9
DA:235,9
DA:236,9
DA:237,9
DA:238,9
DA:239,9
DA:242,10
DA:243,1604
DA:244,1604
DA:245,527
DA:246,527
DA:247,527
DA:248,527
DA:249,527
DA:250,1604
DA:251,527
DA:254,9
DA:255,10
DA:258,10
DA:259,10
DA:260,10
DA:261,4
DA:262,4
DA:272,9
DA:294,4
DA:295,4
DA:314,1
DA:332,6
DA:333,6
DA:335,0
DA:337,6
DA:338,6
DA:339,83
DA:340,83
DA:341,83
DA:343,6
LF:92
LH:91
BRDA:68,0,0,5
BRDA:68,0,1,12
BRDA:69,1,0,5
BRDA:69,1,1,7
BRDA:70,2,0,4
BRDA:70,2,1,3
BRDA:117,3,0,22
BRDA:117,3,1,20417
BRDA:140,4,0,12
BRDA:141,5,0,12
BRDA:144,6,0,2
BRDA:144,6,1,10
BRDA:152,7,0,6801
BRDA:152,7,1,1066
BRDA:153,8,0,294
BRDA:153,8,1,6507
BRDA:157,9,0,5
BRDA:157,9,1,1061
BRDA:157,10,0,1066
BRDA:157,10,1,5
BRDA:172,11,0,7
BRDA:176,12,0,297
BRDA:176,12,1,28703
BRDA:176,13,0,29000
BRDA:176,13,1,488
BRDA:179,14,0,8
BRDA:179,14,1,28695
BRDA:183,15,0,3
BRDA:183,15,1,4
BRDA:195,16,0,261
BRDA:195,16,1,28697
BRDA:195,17,0,28958
BRDA:195,17,1,452
BRDA:206,18,0,1
BRDA:206,18,1,9
BRDA:239,19,0,7
BRDA:239,19,1,2
BRDA:244,20,0,1077
BRDA:244,20,1,527
BRDA:249,21,0,527
BRDA:249,21,1,143
BRDA:250,22,0,21
BRDA:250,22,1,1583
BRDA:251,23,0,17
BRDA:251,23,1,510
BRDA:254,24,0,7
BRDA:254,24,1,2
BRDA:260,25,0,4
BRDA:260,25,1,6
BRDA:260,26,0,10
BRDA:260,26,1,4
BRDA:283,27,0,6
BRDA:283,27,1,3
BRDA:284,28,0,6
BRDA:284,28,1,3
BRDA:325,29,0,1
BRDA:325,29,1,1
BRDA:326,30,0,1
BRDA:326,30,1,1
BRDA:341,31,0,83
BRDA:341,31,1,0
BRDA:341,32,0,83
BRDA:341,32,1,83
BRF:63
BRH:62
end_of_record
TN:
SF:tools\mix-parser.ts
FN:96,detectFormat
FN:122,parseMix
FN:143,parseFormatA
FN:219,parseGen23Header
FN:236,(anonymous_4)
FN:275,readTitleSection
FN:307,parseMixerKV
FN:319,stripVideoOnlyMixerData
FN:332,buildMixerState
FN:415,buildDrumMachine
FN:445,buildDrumEffects
FN:493,parseCatalogs
FN:560,parseFormatB
FN:603,findCatalogStart
FN:634,parseFormatBTracks
FN:707,extractTickerText
FN:748,parseFormatC
FN:797,parseFormatCTracks
FN:838,parseFormatDTracks
FN:875,readLengthPrefixedTempPath
FN:905,isTempPath
FN:909,findFormatCDNameField
FN:946,parseFormatD
FN:992,locateGridTrailer
FN:1024,extractAsciiStrings
FN:1040,inferProduct
FN:1052,emptyMixer
FN:1067,parseFile
FN:1075,listMixFiles
FN:1078,(anonymous_29)
FN:1080,(anonymous_30)
FN:1107,main
FN:1157,(anonymous_32)
FN:1190,(anonymous_33)
FN:1193,(anonymous_34)
FNF:35
FNH:35
FNDA:246,detectFormat
FNDA:240,parseMix
FNDA:87,parseFormatA
FNDA:151,parseGen23Header
FNDA:453,(anonymous_4)
FNDA:151,readTitleSection
FNDA:102,parseMixerKV
FNDA:71,stripVideoOnlyMixerData
FNDA:101,buildMixerState
FNDA:30,buildDrumMachine
FNDA:30,buildDrumEffects
FNDA:153,parseCatalogs
FNDA:50,parseFormatB
FNDA:151,findCatalogStart
FNDA:50,parseFormatBTracks
FNDA:50,extractTickerText
FNDA:71,parseFormatC
FNDA:71,parseFormatCTracks
FNDA:30,parseFormatDTracks
FNDA:139206,readLengthPrefixedTempPath
FNDA:8387,isTempPath
FNDA:1434,findFormatCDNameField
FNDA:30,parseFormatD
FNDA:88,locateGridTrailer
FNDA:88,extractAsciiStrings
FNDA:151,inferProduct
FNDA:137,emptyMixer
FNDA:240,parseFile
FNDA:19,listMixFiles
FNDA:249,(anonymous_29)
FNDA:234,(anonymous_30)
FNDA:5,main
FNDA:234,(anonymous_32)
FNDA:232,(anonymous_33)
FNDA:234,(anonymous_34)
DA:52,1
DA:55,1
DA:56,1
DA:57,1
DA:59,1
DA:62,1
DA:63,1
DA:64,1
DA:65,1
DA:66,1
DA:69,1
DA:76,1
DA:83,1
DA:84,1
DA:87,1
DA:97,246
DA:99,243
DA:100,243
DA:103,156
DA:104,156
DA:107,154
DA:108,123
DA:109,51
DA:123,240
DA:124,240
DA:126,237
DA:127,86
DA:128,50
DA:129,71
DA:130,30
DA:144,87
DA:145,87
DA:147,87
DA:148,87
DA:152,87
DA:155,87
DA:156,87
DA:160,87
DA:161,32955
DA:162,32955
DA:163,10896
DA:164,10896
DA:165,10896
DA:166,10896
DA:180,87
DA:184,87
DA:220,151
DA:221,151
DA:222,151
DA:223,151
DA:224,151
DA:225,151
DA:228,151
DA:229,151
DA:231,151
DA:232,151
DA:234,151
DA:235,151
DA:236,453
DA:238,151
DA:239,451
DA:240,151
DA:241,300
DA:242,151
DA:248,151
DA:250,151
DA:280,151
DA:281,0
DA:284,151
DA:285,151
DA:286,151
DA:289,151
DA:290,151
DA:291,2093
DA:294,151
DA:295,151
DA:297,151
DA:308,102
DA:311,102
DA:313,102
DA:314,16334
DA:316,102
DA:320,71
DA:321,66
DA:324,5
DA:325,5
DA:326,5
DA:333,101
DA:334,101
DA:336,101
DA:338,30
DA:339,1470
DA:340,1470
DA:341,1470
DA:342,1470
DA:343,1470
DA:344,1134
DA:356,30
DA:357,300
DA:358,300
DA:362,71
DA:363,923
DA:364,923
DA:365,923
DA:366,923
DA:367,710
DA:379,71
DA:380,710
DA:381,710
DA:386,101
DA:387,101
DA:388,101
DA:389,101
DA:390,101
DA:391,101
DA:392,73
DA:401,101
DA:403,101
DA:416,30
DA:417,30
DA:420,30
DA:421,480
DA:422,396
DA:425,30
DA:427,30
DA:428,396
DA:439,30
DA:440,30
DA:442,30
DA:446,30
DA:497,153
DA:498,153
DA:501,153
DA:503,153
DA:505,1174
DA:506,151
DA:509,1023
DA:510,1023
DA:511,1023
DA:514,1023
DA:515,1023
DA:516,1023
DA:518,1023
DA:521,1023
DA:522,1023
DA:523,19611
DA:524,19611
DA:526,1023
DA:528,1023
DA:533,1023
DA:534,1023
DA:535,1023
DA:536,117
DA:540,1023
DA:541,1023
DA:542,1023
DA:543,1023
DA:544,1023
DA:546,1023
DA:549,153
DA:561,50
DA:562,50
DA:568,50
DA:569,50
DA:572,50
DA:575,50
DA:577,50
DA:579,50
DA:604,151
DA:605,35438
DA:606,35438
DA:607,2061
DA:608,2061
DA:611,2061
DA:612,159
DA:615,159
DA:616,159
DA:617,2134
DA:618,2134
DA:620,159
DA:622,151
DA:625,0
DA:635,50
DA:636,50
DA:638,50
DA:640,156316
DA:641,2513
DA:642,2513
DA:643,1814
DA:644,1814
DA:647,699
DA:648,699
DA:650,699
DA:651,699
DA:654,699
DA:655,699
DA:658,699
DA:659,2981
DA:660,699
DA:662,697
DA:663,697
DA:666,697
DA:669,496
DA:670,423
DA:672,423
DA:675,423
DA:676,423
DA:679,423
DA:682,423
DA:683,423
DA:685,423
DA:698,50
DA:708,50
DA:709,50
DA:713,50
DA:714,50
DA:717,154109
DA:718,154109
DA:719,17576
DA:720,17576
DA:721,17576
DA:722,8909
DA:724,8909
DA:726,2596
DA:727,1975
DA:728,1975
DA:729,1975
DA:734,152134
DA:737,50
DA:749,71
DA:750,71
DA:753,71
DA:754,71
DA:755,71
DA:756,71
DA:759,71
DA:764,71
DA:765,71
DA:769,71
DA:771,71
DA:773,71
DA:798,71
DA:799,71
DA:801,71
DA:802,71
DA:804,71
DA:805,2076
DA:806,2076
DA:810,71
DA:811,1038
DA:812,1038
DA:813,1038
DA:814,1038
DA:815,1038
DA:816,1038
DA:820,1038
DA:822,1038
DA:835,71
DA:839,30
DA:840,30
DA:842,30
DA:843,138810
DA:844,138810
DA:845,138414
DA:846,138414
DA:849,396
DA:850,396
DA:851,0
DA:852,0
DA:855,396
DA:857,396
DA:869,138810
DA:872,30
DA:879,139206
DA:880,0
DA:883,139206
DA:884,139206
DA:885,130667
DA:888,8539
DA:889,8539
DA:890,8539
DA:891,152
DA:894,8387
DA:895,8387
DA:896,7595
DA:899,792
DA:906,8387
DA:914,1434
DA:915,1434
DA:916,44053
DA:917,44053
DA:918,44053
DA:920,2092
DA:921,2092
DA:922,2092
DA:926,1205
DA:927,1205
DA:929,1038
DA:930,1038
DA:932,1036
DA:935,398
DA:947,30
DA:948,30
DA:951,30
DA:952,30
DA:953,30
DA:954,30
DA:957,30
DA:958,30
DA:962,30
DA:963,30
DA:965,30
DA:967,30
DA:969,30
DA:997,88
DA:998,88
DA:999,138405
DA:1001,88
DA:1002,0
DA:1005,88
DA:1006,88
DA:1007,88
DA:1008,213673
DA:1009,191947
DA:1010,191947
DA:1011,191947
DA:1013,21726
DA:1014,80
DA:1016,21646
DA:1017,21646
DA:1020,8
DA:1025,88
DA:1026,88
DA:1027,88
DA:1028,769114
DA:1029,7361
DA:1031,761753
DA:1032,761753
DA:1035,88
DA:1036,88
DA:1042,151
DA:1043,151
DA:1046,151
DA:1048,0
DA:1053,137
DA:1068,240
DA:1069,240
DA:1076,19
DA:1077,19
DA:1078,249
DA:1080,234
DA:1082,1
DA:1088,1
DA:1108,5
DA:1120,5
DA:1122,5
DA:1123,2
DA:1124,2
DA:1125,2
DA:1126,2
DA:1128,1
DA:1130,3
DA:1131,1
DA:1132,1
DA:1133,2
DA:1134,2
DA:1135,2
DA:1137,0
DA:1140,2
DA:1141,1
DA:1142,16
DA:1143,16
DA:1144,230
DA:1145,230
DA:1146,230
DA:1148,0
DA:1153,1
DA:1154,1
DA:1157,234
DA:1170,4
DA:1171,1
DA:1172,1
DA:1173,1
DA:1174,1
DA:1176,3
DA:1177,232
DA:1178,232
DA:1179,232
DA:1180,232
DA:1181,232
DA:1182,232
DA:1190,232
DA:1193,234
DA:1197,1
DA:1199,1
DA:1200,0
LF:396
LH:386
BRDA:97,0,0,3
BRDA:97,0,1,243
BRDA:100,1,0,87
BRDA:100,1,1,156
BRDA:104,2,0,2
BRDA:104,2,1,154
BRDA:107,3,0,31
BRDA:107,3,1,123
BRDA:107,4,0,154
BRDA:107,4,1,123
BRDA:108,5,0,72
BRDA:108,5,1,51
BRDA:108,6,0,123
BRDA:108,6,1,51
BRDA:124,7,0,3
BRDA:124,7,1,237
BRDA:126,8,0,237
BRDA:126,8,1,50
BRDA:126,8,2,71
BRDA:126,8,3,30
BRDA:147,9,0,87
BRDA:147,9,1,86
BRDA:147,9,2,0
BRDA:148,10,0,87
BRDA:148,10,1,0
BRDA:156,11,0,84
BRDA:156,11,1,3
BRDA:162,12,0,22059
BRDA:162,12,1,10896
BRDA:180,13,0,87
BRDA:180,13,1,0
BRDA:234,14,0,151
BRDA:234,14,1,0
BRDA:239,15,0,151
BRDA:239,15,1,300
BRDA:241,16,0,151
BRDA:241,16,1,149
BRDA:280,17,0,0
BRDA:280,17,1,151
BRDA:290,18,0,151
BRDA:290,18,1,2244
BRDA:290,18,2,2244
BRDA:294,19,0,149
BRDA:294,19,1,2
BRDA:295,20,0,151
BRDA:295,20,1,0
BRDA:320,21,0,66
BRDA:320,21,1,5
BRDA:336,22,0,30
BRDA:336,22,1,71
BRDA:343,23,0,1134
BRDA:343,23,1,336
BRDA:343,24,0,1470
BRDA:343,24,1,336
BRDA:346,25,0,1134
BRDA:346,25,1,0
BRDA:348,26,0,1134
BRDA:348,26,1,0
BRDA:350,27,0,1134
BRDA:350,27,1,1130
BRDA:351,28,0,1134
BRDA:351,28,1,1134
BRDA:357,29,0,300
BRDA:357,29,1,0
BRDA:357,29,2,0
BRDA:358,30,0,300
BRDA:358,30,1,0
BRDA:366,31,0,710
BRDA:366,31,1,213
BRDA:366,32,0,923
BRDA:366,32,1,233
BRDA:366,32,2,213
BRDA:369,33,0,690
BRDA:369,33,1,20
BRDA:370,34,0,710
BRDA:370,34,1,0
BRDA:372,35,0,640
BRDA:372,35,1,70
BRDA:381,36,0,580
BRDA:381,36,1,130
BRDA:387,37,0,101
BRDA:387,37,1,43
BRDA:387,37,2,36
BRDA:388,38,0,101
BRDA:388,38,1,43
BRDA:388,38,2,32
BRDA:389,39,0,101
BRDA:389,39,1,43
BRDA:389,39,2,33
BRDA:390,40,0,101
BRDA:390,40,1,87
BRDA:390,40,2,74
BRDA:391,41,0,73
BRDA:391,41,1,28
BRDA:391,42,0,101
BRDA:391,42,1,31
BRDA:391,42,2,28
BRDA:393,43,0,70
BRDA:393,43,1,3
BRDA:394,44,0,73
BRDA:394,44,1,0
BRDA:395,45,0,73
BRDA:395,45,1,0
BRDA:396,46,0,73
BRDA:396,46,1,71
BRDA:401,47,0,101
BRDA:401,47,1,43
BRDA:401,47,2,30
BRDA:407,48,0,74
BRDA:407,48,1,27
BRDA:421,49,0,396
BRDA:421,49,1,84
BRDA:421,50,0,480
BRDA:421,50,1,84
BRDA:425,51,0,0
BRDA:425,51,1,30
BRDA:430,52,0,396
BRDA:430,52,1,0
BRDA:431,53,0,396
BRDA:431,53,1,0
BRDA:432,54,0,396
BRDA:432,54,1,0
BRDA:433,55,0,396
BRDA:433,55,1,0
BRDA:435,56,0,396
BRDA:435,56,1,0
BRDA:440,57,0,30
BRDA:440,57,1,0
BRDA:448,58,0,30
BRDA:448,58,1,0
BRDA:449,59,0,30
BRDA:449,59,1,0
BRDA:453,60,0,30
BRDA:453,60,1,0
BRDA:454,61,0,30
BRDA:454,61,1,0
BRDA:455,62,0,30
BRDA:455,62,1,0
BRDA:459,63,0,30
BRDA:459,63,1,0
BRDA:460,64,0,30
BRDA:460,64,1,0
BRDA:461,65,0,30
BRDA:461,65,1,0
BRDA:465,66,0,30
BRDA:465,66,1,14
BRDA:466,67,0,30
BRDA:466,67,1,14
BRDA:470,68,0,30
BRDA:470,68,1,0
BRDA:471,69,0,30
BRDA:471,69,1,0
BRDA:472,70,0,30
BRDA:472,70,1,0
BRDA:501,71,0,153
BRDA:501,71,1,156
BRDA:505,72,0,151
BRDA:505,72,1,1023
BRDA:505,73,0,1174
BRDA:505,73,1,151
BRDA:505,73,2,151
BRDA:505,73,3,151
BRDA:510,74,0,0
BRDA:510,74,1,1023
BRDA:510,75,0,1023
BRDA:510,75,1,1023
BRDA:511,76,0,0
BRDA:511,76,1,1023
BRDA:515,77,0,0
BRDA:515,77,1,1023
BRDA:516,78,0,0
BRDA:516,78,1,1023
BRDA:524,79,0,0
BRDA:524,79,1,19611
BRDA:524,80,0,19611
BRDA:524,80,1,19611
BRDA:526,81,0,0
BRDA:526,81,1,1023
BRDA:533,82,0,1023
BRDA:533,82,1,0
BRDA:535,83,0,117
BRDA:535,83,1,906
BRDA:540,84,0,0
BRDA:540,84,1,1023
BRDA:577,85,0,50
BRDA:577,85,1,50
BRDA:577,85,2,0
BRDA:584,86,0,31
BRDA:584,86,1,19
BRDA:606,87,0,33377
BRDA:606,87,1,2061
BRDA:606,88,0,35438
BRDA:606,88,1,19780
BRDA:608,89,0,0
BRDA:608,89,1,2061
BRDA:611,90,0,1902
BRDA:611,90,1,159
BRDA:612,91,0,0
BRDA:612,91,1,159
BRDA:618,92,0,8
BRDA:618,92,1,2126
BRDA:618,93,0,2134
BRDA:618,93,1,2131
BRDA:620,94,0,8
BRDA:620,94,1,151
BRDA:640,95,0,153803
BRDA:640,95,1,2513
BRDA:641,96,0,0
BRDA:641,96,1,2513
BRDA:642,97,0,1814
BRDA:642,97,1,699
BRDA:642,98,0,2513
BRDA:642,98,1,1633
BRDA:642,98,2,826
BRDA:648,99,0,0
BRDA:648,99,1,699
BRDA:659,100,0,699
BRDA:659,100,1,3678
BRDA:660,101,0,2
BRDA:660,101,1,697
BRDA:666,102,0,201
BRDA:666,102,1,496
BRDA:669,103,0,73
BRDA:669,103,1,423
BRDA:669,104,0,496
BRDA:669,104,1,496
BRDA:672,105,0,0
BRDA:672,105,1,423
BRDA:693,106,0,423
BRDA:693,106,1,0
BRDA:718,107,0,17576
BRDA:718,107,1,136533
BRDA:718,108,0,154109
BRDA:718,108,1,101503
BRDA:721,109,0,8909
BRDA:721,109,1,8667
BRDA:721,110,0,17576
BRDA:721,110,1,11615
BRDA:724,111,0,2596
BRDA:724,111,1,6313
BRDA:724,112,0,8909
BRDA:724,112,1,2596
BRDA:726,113,0,1975
BRDA:726,113,1,621
BRDA:726,114,0,2596
BRDA:726,114,1,2596
BRDA:754,115,0,71
BRDA:754,115,1,0
BRDA:771,116,0,71
BRDA:771,116,1,71
BRDA:771,116,2,0
BRDA:778,117,0,44
BRDA:778,117,1,27
BRDA:805,118,0,2076
BRDA:805,118,1,0
BRDA:813,119,0,1038
BRDA:813,119,1,0
BRDA:815,120,0,1038
BRDA:815,120,1,0
BRDA:815,121,0,1038
BRDA:815,121,1,1038
BRDA:828,122,0,1038
BRDA:828,122,1,2
BRDA:844,123,0,138414
BRDA:844,123,1,396
BRDA:850,124,0,0
BRDA:850,124,1,396
BRDA:863,125,0,396
BRDA:863,125,1,396
BRDA:879,126,0,0
BRDA:879,126,1,139206
BRDA:884,127,0,130667
BRDA:884,127,1,8539
BRDA:884,128,0,139206
BRDA:884,128,1,92002
BRDA:890,129,0,152
BRDA:890,129,1,8387
BRDA:895,130,0,7595
BRDA:895,130,1,792
BRDA:916,131,0,0
BRDA:916,131,1,44053
BRDA:918,132,0,41961
BRDA:918,132,1,2092
BRDA:918,133,0,44053
BRDA:918,133,1,32807
BRDA:922,134,0,887
BRDA:922,134,1,1205
BRDA:927,135,0,167
BRDA:927,135,1,1038
BRDA:927,136,0,1205
BRDA:927,136,1,1116
BRDA:930,137,0,2
BRDA:930,137,1,1036
BRDA:952,138,0,30
BRDA:952,138,1,0
BRDA:967,139,0,30
BRDA:967,139,1,30
BRDA:967,139,2,0
BRDA:974,140,0,0
BRDA:974,140,1,30
BRDA:999,141,0,88
BRDA:999,141,1,138317
BRDA:1001,142,0,0
BRDA:1001,142,1,88
BRDA:1008,143,0,191947
BRDA:1008,143,1,21726
BRDA:1009,144,0,5325
BRDA:1009,144,1,186622
BRDA:1013,145,0,80
BRDA:1013,145,1,21646
BRDA:1024,146,0,88
BRDA:1028,147,0,7361
BRDA:1028,147,1,761753
BRDA:1028,148,0,769114
BRDA:1028,148,1,13756
BRDA:1031,149,0,100
BRDA:1031,149,1,761653
BRDA:1035,150,0,2
BRDA:1035,150,1,86
BRDA:1042,151,0,151
BRDA:1042,151,1,0
BRDA:1046,152,0,151
BRDA:1046,152,1,0
BRDA:1107,153,0,5
BRDA:1122,154,0,2
BRDA:1122,154,1,3
BRDA:1130,155,0,1
BRDA:1130,155,1,2
BRDA:1140,156,0,1
BRDA:1140,156,1,1
BRDA:1159,157,0,234
BRDA:1159,157,1,3
BRDA:1160,158,0,234
BRDA:1160,158,1,3
BRDA:1161,159,0,234
BRDA:1161,159,1,3
BRDA:1162,160,0,234
BRDA:1162,160,1,88
BRDA:1163,161,0,234
BRDA:1163,161,1,90
BRDA:1164,162,0,234
BRDA:1164,162,1,3
BRDA:1165,163,0,234
BRDA:1165,163,1,3
BRDA:1166,164,0,231
BRDA:1166,164,1,3
BRDA:1167,165,0,234
BRDA:1167,165,1,233
BRDA:1170,166,0,1
BRDA:1170,166,1,3
BRDA:1173,167,0,1
BRDA:1173,167,1,0
BRDA:1177,168,0,232
BRDA:1177,168,1,2
BRDA:1181,169,0,1
BRDA:1181,169,1,231
BRDA:1184,170,0,232
BRDA:1184,170,1,2
BRDA:1185,171,0,146
BRDA:1185,171,1,86
BRDA:1186,172,0,144
BRDA:1186,172,1,88
BRDA:1193,173,0,1
BRDA:1193,173,1,3
BRDA:1197,174,0,1
BRDA:1197,174,1,1
BRDA:1199,175,0,0
BRDA:1199,175,1,1
BRF:368
BRH:305
end_of_record
TN:
SF:tools\mix-types.ts
FNF:0
FNH:0
LF:0
LH:0
BRF:0
BRH:0
end_of_record
TN:
SF:tools\normalize.ts
FN:116,textBlob
FN:118,(anonymous_1)
FN:123,isOrchestral
FN:126,(anonymous_3)
FN:129,classifyDrumSub
FN:137,classifyVoiceSub
FN:167,classify
FN:223,splitPathParts
FN:227,chooseFlatFilename
FN:280,listProductDirs
FN:292,subcategoryPath
FN:297,scaffoldTree
FN:310,normalize
FNF:13
FNH:13
FNDA:67,textBlob
FNDA:201,(anonymous_1)
FNDA:36,isOrchestral
FNDA:805,(anonymous_3)
FNDA:17,classifyDrumSub
FNDA:14,classifyVoiceSub
FNDA:29,classify
FNDA:8,splitPathParts
FNDA:12,chooseFlatFilename
FNDA:5,listProductDirs
FNDA:7,subcategoryPath
FNDA:3,scaffoldTree
FNDA:3,normalize
DA:34,1
DA:50,1
DA:52,1
DA:65,1
DA:69,1
DA:79,1
DA:117,67
DA:118,201
DA:124,36
DA:125,36
DA:126,805
DA:130,17
DA:131,17
DA:132,66
DA:134,2
DA:141,14
DA:143,14
DA:144,2
DA:147,12
DA:148,12
DA:149,10
DA:150,12
DA:152,12
DA:153,12
DA:154,7
DA:155,12
DA:157,12
DA:158,4
DA:168,29
DA:170,29
DA:173,29
DA:174,3
DA:177,26
DA:180,26
DA:181,1
DA:184,25
DA:186,3
DA:188,5
DA:190,1
DA:193,2
DA:196,2
DA:200,3
DA:202,1
DA:204,1
DA:206,1
DA:208,1
DA:210,1
DA:212,2
DA:214,2
DA:224,8
DA:233,12
DA:234,12
DA:235,12
DA:237,12
DA:241,12
DA:242,2376
DA:245,12
DA:246,17
DA:247,17
DA:248,15
DA:249,3
DA:250,3
DA:252,12
DA:253,12
DA:255,0
DA:281,5
DA:282,4
DA:283,4
DA:284,9
DA:285,9
DA:286,7
DA:287,7
DA:289,4
DA:293,7
DA:298,3
DA:299,3
DA:300,39
DA:301,21
DA:302,36
DA:303,18
DA:305,33
DA:311,3
DA:313,3
DA:314,3
DA:315,3
DA:316,3
DA:317,3
DA:318,3
DA:320,3
DA:322,3
DA:323,5
DA:324,5
DA:326,5
DA:327,9
DA:328,9
DA:329,1
DA:330,1
DA:333,8
DA:334,8
DA:335,1
DA:336,1
DA:339,7
DA:340,7
DA:341,7
DA:343,7
DA:344,7
DA:346,7
DA:347,6
DA:348,5
DA:351,7
DA:352,9
DA:354,9
DA:363,9
DA:364,9
DA:368,3
DA:369,2
DA:375,2
DA:378,3
LF:118
LH:117
BRDA:125,0,0,1
BRDA:125,0,1,35
BRDA:132,1,0,15
BRDA:132,1,1,51
BRDA:143,2,0,2
BRDA:143,2,1,12
BRDA:148,3,0,2
BRDA:148,3,1,10
BRDA:149,4,0,2
BRDA:149,4,1,8
BRDA:150,5,0,4
BRDA:150,5,1,8
BRDA:150,6,0,12
BRDA:150,6,1,8
BRDA:150,6,2,6
BRDA:153,7,0,5
BRDA:153,7,1,7
BRDA:154,8,0,5
BRDA:154,8,1,2
BRDA:155,9,0,1
BRDA:155,9,1,11
BRDA:155,10,0,12
BRDA:155,10,1,2
BRDA:157,11,0,8
BRDA:157,11,1,4
BRDA:157,12,0,12
BRDA:157,12,1,11
BRDA:168,13,0,29
BRDA:168,13,1,1
BRDA:169,14,0,1
BRDA:169,14,1,0
BRDA:170,15,0,29
BRDA:170,15,1,0
BRDA:173,16,0,3
BRDA:173,16,1,26
BRDA:180,17,0,1
BRDA:180,17,1,25
BRDA:180,18,0,26
BRDA:180,18,1,4
BRDA:184,19,0,25
BRDA:184,19,1,5
BRDA:184,19,2,1
BRDA:184,19,3,1
BRDA:184,19,4,2
BRDA:184,19,5,1
BRDA:184,19,6,2
BRDA:184,19,7,1
BRDA:184,19,8,2
BRDA:184,19,9,3
BRDA:184,19,10,1
BRDA:184,19,11,1
BRDA:184,19,12,1
BRDA:184,19,13,1
BRDA:184,19,14,1
BRDA:184,19,15,2
BRDA:184,19,16,2
BRDA:247,20,0,2
BRDA:247,20,1,15
BRDA:248,21,0,3
BRDA:248,21,1,12
BRDA:281,22,0,1
BRDA:281,22,1,4
BRDA:284,23,0,0
BRDA:284,23,1,9
BRDA:285,24,0,2
BRDA:285,24,1,7
BRDA:287,25,0,6
BRDA:287,25,1,1
BRDA:293,26,0,1
BRDA:293,26,1,6
BRDA:300,27,0,3
BRDA:300,27,1,36
BRDA:302,28,0,3
BRDA:302,28,1,33
BRDA:311,29,0,3
BRDA:311,30,0,3
BRDA:320,31,0,2
BRDA:320,31,1,1
BRDA:327,32,0,9
BRDA:327,32,1,0
BRDA:328,33,0,1
BRDA:328,33,1,8
BRDA:334,34,0,1
BRDA:334,34,1,7
BRDA:334,35,0,8
BRDA:334,35,1,7
BRDA:341,36,0,6
BRDA:341,36,1,1
BRDA:346,37,0,6
BRDA:346,37,1,1
BRDA:347,38,0,1
BRDA:347,38,1,5
BRDA:351,39,0,1
BRDA:351,39,1,6
BRDA:352,40,0,9
BRDA:352,40,1,6
BRDA:361,41,0,7
BRDA:361,41,1,0
BRDA:368,42,0,2
BRDA:368,42,1,1
BRF:100
BRH:95
end_of_record
TN:
SF:tools\pxd-parser.ts
FN:105,decodePxdAudio
FN:145,applyDpcm
FN:172,parsePxdHeader
FN:211,decodePxdFile
FN:228,writeWav
FN:274,parseMetadataFields
FN:278,(anonymous_6)
FN:279,(anonymous_7)
FN:303,parseInfCatalog
FN:354,loadArchiveParts
FN:367,assignArchivePartIndices
FN:389,sliceArchiveEntry
FN:400,parseStereoFilename
FN:409,parseStereoAlias
FN:418,isStereoPair
FN:442,stripStereoInfo
FN:455,decodePackedEntryAudio
FN:467,interleaveStereoChannels
FN:517,globFiles
FN:521,walk
FN:543,extractIndividualPxds
FN:653,extractPackedArchive
FN:818,mergeStereoPairs
FN:859,parsePxddance
FN:893,buildCategoryMap
FN:910,enrichWithCategories
FN:929,sanitizeFilename
FN:936,buildDisplayName
FN:964,organizeOutput
FN:1040,detectSourceType
FNF:30
FNH:30
FNDA:23,decodePxdAudio
FNDA:7,applyDpcm
FNDA:21,parsePxdHeader
FNDA:15,decodePxdFile
FNDA:13,writeWav
FNDA:16,parseMetadataFields
FNDA:29,(anonymous_6)
FNDA:29,(anonymous_7)
FNDA:10,parseInfCatalog
FNDA:6,loadArchiveParts
FNDA:6,assignArchivePartIndices
FNDA:8,sliceArchiveEntry
FNDA:5,parseStereoFilename
FNDA:3,parseStereoAlias
FNDA:2,isStereoPair
FNDA:1,stripStereoInfo
FNDA:2,decodePackedEntryAudio
FNDA:1,interleaveStereoChannels
FNDA:14,globFiles
FNDA:18,walk
FNDA:7,extractIndividualPxds
FNDA:7,extractPackedArchive
FNDA:3,mergeStereoPairs
FNDA:3,parsePxddance
FNDA:3,buildCategoryMap
FNDA:3,enrichWithCategories
FNDA:31,sanitizeFilename
FNDA:6,buildDisplayName
FNDA:5,organizeOutput
FNDA:7,detectSourceType
DA:22,1
DA:23,1
DA:24,1
DA:27,1
DA:29,1
DA:30,1
DA:31,1
DA:34,1
DA:35,1
DA:36,1
DA:41,1
DA:106,23
DA:107,23
DA:108,23
DA:109,23
DA:111,23
DA:112,44133
DA:114,44133
DA:115,5
DA:116,5
DA:117,5
DA:118,5
DA:119,15
DA:120,5
DA:121,44128
DA:122,1
DA:123,1
DA:124,44127
DA:125,5
DA:126,1
DA:127,44126
DA:128,2
DA:129,1
DA:131,44125
DA:132,44125
DA:137,23
DA:139,23
DA:146,7
DA:147,7
DA:149,7
DA:150,30
DA:151,30
DA:152,30
DA:154,30
DA:155,11
DA:156,30
DA:159,7
DA:173,21
DA:175,20
DA:176,20
DA:178,18
DA:180,15
DA:181,15
DA:182,15
DA:184,15
DA:186,15
DA:187,15
DA:188,15
DA:190,15
DA:191,15
DA:193,14
DA:194,14
DA:195,14
DA:197,14
DA:212,15
DA:213,15
DA:215,12
DA:216,12
DA:217,12
DA:235,13
DA:236,13
DA:238,13
DA:239,13
DA:240,13
DA:241,13
DA:244,13
DA:245,13
DA:246,13
DA:247,13
DA:248,13
DA:249,13
DA:250,13
DA:251,13
DA:252,13
DA:253,13
DA:254,13
DA:255,13
DA:256,13
DA:257,13
DA:259,13
DA:275,16
DA:278,29
DA:279,29
DA:281,16
DA:282,16
DA:283,16
DA:284,16
DA:286,16
DA:304,10
DA:305,10
DA:306,10
DA:307,10
DA:310,10
DA:311,14
DA:312,9
DA:313,9
DA:315,5
DA:319,10
DA:320,13
DA:321,13
DA:322,12
DA:323,0
DA:324,0
DA:327,12
DA:328,12
DA:329,12
DA:331,12
DA:332,12
DA:333,12
DA:334,12
DA:335,12
DA:337,12
DA:338,12
DA:340,12
DA:342,0
DA:346,10
DA:355,6
DA:357,6
DA:358,7
DA:359,7
DA:360,7
DA:361,1
DA:364,6
DA:368,6
DA:369,6
DA:370,6
DA:372,6
DA:373,8
DA:374,8
DA:379,8
DA:380,1
DA:382,8
DA:383,8
DA:386,6
DA:390,8
DA:391,8
DA:392,8
DA:394,8
DA:395,8
DA:401,5
DA:402,5
DA:403,3
DA:410,3
DA:411,3
DA:412,1
DA:419,2
DA:420,2
DA:421,2
DA:428,1
DA:431,1
DA:432,1
DA:433,1
DA:443,1
DA:456,2
DA:457,2
DA:459,2
DA:460,2
DA:468,1
DA:469,1
DA:470,1
DA:471,1
DA:473,1
DA:474,2
DA:475,2
DA:477,2
DA:478,2
DA:480,0
DA:483,2
DA:484,2
DA:486,0
DA:490,1
DA:518,14
DA:519,14
DA:522,18
DA:523,18
DA:524,20
DA:525,20
DA:526,4
DA:527,16
DA:528,8
DA:532,0
DA:536,14
DA:537,14
DA:548,7
DA:549,7
DA:551,7
DA:553,7
DA:554,7
DA:555,7
DA:556,7
DA:557,7
DA:558,7
DA:559,7
DA:563,7
DA:564,1
DA:565,1
DA:566,1
DA:567,1
DA:571,7
DA:572,7
DA:573,7
DA:575,7
DA:576,8
DA:577,8
DA:578,8
DA:579,8
DA:580,8
DA:583,8
DA:584,2
DA:585,2
DA:586,2
DA:587,2
DA:588,2
DA:589,2
DA:596,2
DA:599,6
DA:600,6
DA:601,1
DA:602,1
DA:605,5
DA:606,5
DA:608,5
DA:609,8
DA:612,8
DA:613,1
DA:614,1
DA:616,4
DA:617,4
DA:619,5
DA:621,5
DA:622,5
DA:623,5
DA:625,8
DA:637,8
DA:638,5
DA:640,5
DA:643,7
DA:644,7
DA:645,7
DA:647,7
DA:659,7
DA:662,7
DA:663,4
DA:664,6
DA:665,6
DA:666,3
DA:667,3
DA:670,4
DA:671,1
DA:672,1
DA:676,6
DA:677,6
DA:678,0
DA:679,0
DA:682,6
DA:683,6
DA:684,6
DA:685,6
DA:686,6
DA:687,6
DA:689,6
DA:690,7
DA:691,7
DA:692,7
DA:694,7
DA:695,1
DA:696,1
DA:699,6
DA:700,7
DA:701,1
DA:702,1
DA:703,1
DA:704,1
DA:706,1
DA:707,1
DA:708,1
DA:709,1
DA:710,1
DA:711,1
DA:712,1
DA:713,1
DA:714,1
DA:716,1
DA:717,1
DA:718,1
DA:720,1
DA:734,1
DA:736,1
DA:737,1
DA:738,1
DA:742,5
DA:743,5
DA:744,5
DA:745,5
DA:748,5
DA:749,1
DA:750,1
DA:751,1
DA:752,1
DA:760,1
DA:763,4
DA:764,4
DA:765,0
DA:766,0
DA:769,4
DA:772,4
DA:773,0
DA:774,0
DA:776,4
DA:777,4
DA:779,4
DA:781,4
DA:782,4
DA:783,4
DA:785,7
DA:800,7
DA:801,4
DA:802,4
DA:805,4
DA:808,6
DA:809,6
DA:810,6
DA:812,6
DA:819,3
DA:821,3
DA:822,6
DA:823,6
DA:824,4
DA:825,4
DA:826,4
DA:827,4
DA:831,3
DA:832,3
DA:833,3
DA:834,1
DA:835,1
DA:836,1
DA:837,1
DA:838,1
DA:842,3
DA:843,3
DA:860,3
DA:861,3
DA:862,3
DA:864,3
DA:865,3
DA:866,3
DA:867,3
DA:868,3
DA:869,3
DA:870,3
DA:871,3
DA:873,3
DA:874,3
DA:881,3
DA:883,0
DA:887,3
DA:894,3
DA:895,3
DA:896,4
DA:897,4
DA:898,4
DA:899,4
DA:900,4
DA:901,4
DA:903,3
DA:914,3
DA:915,3
DA:916,2
DA:917,2
DA:918,1
DA:919,1
DA:922,3
DA:927,1
DA:930,31
DA:931,31
DA:932,31
DA:933,31
DA:937,6
DA:938,6
DA:939,6
DA:940,6
DA:941,6
DA:942,6
DA:944,6
DA:953,6
DA:954,6
DA:955,6
DA:956,6
DA:958,6
DA:965,5
DA:966,5
DA:968,5
DA:969,7
DA:970,7
DA:971,7
DA:973,6
DA:975,6
DA:977,6
DA:978,1
DA:980,5
DA:984,6
DA:985,7
DA:986,2
DA:987,2
DA:988,0
DA:992,6
DA:995,6
DA:996,6
DA:1001,1
DA:1002,1
DA:1003,1
DA:1004,1
DA:1005,1
DA:1006,1
DA:1007,1
DA:1008,1
DA:1009,1
DA:1010,1
DA:1014,1
DA:1015,1
DA:1020,6
DA:1021,6
DA:1022,6
DA:1023,6
DA:1024,6
DA:1025,6
DA:1029,5
DA:1030,7
DA:1031,2
DA:1041,7
DA:1043,6
DA:1044,6
DA:1046,5
DA:1048,5
DA:1049,13
DA:1052,4
DA:1054,3
DA:1055,3
DA:1056,2
DA:1057,2
DA:1059,1
DA:1062,0
LF:453
LH:438
BRDA:111,0,0,23
BRDA:111,0,1,44134
BRDA:114,1,0,5
BRDA:114,1,1,44128
BRDA:121,2,0,1
BRDA:121,2,1,44127
BRDA:124,3,0,1
BRDA:124,3,1,44126
BRDA:127,4,0,1
BRDA:127,4,1,44125
BRDA:145,5,0,7
BRDA:151,6,0,30
BRDA:151,6,1,0
BRDA:154,7,0,19
BRDA:154,7,1,11
BRDA:155,8,0,0
BRDA:155,8,1,11
BRDA:173,9,0,1
BRDA:173,9,1,20
BRDA:176,10,0,2
BRDA:176,10,1,18
BRDA:178,11,0,3
BRDA:178,11,1,15
BRDA:182,12,0,0
BRDA:182,12,1,15
BRDA:187,13,0,15
BRDA:187,13,1,22
BRDA:191,14,0,1
BRDA:191,14,1,14
BRDA:213,15,0,3
BRDA:213,15,1,12
BRDA:231,16,0,13
BRDA:232,17,0,13
BRDA:233,18,0,13
BRDA:236,19,0,13
BRDA:236,19,1,0
BRDA:236,20,0,13
BRDA:236,20,1,13
BRDA:282,21,0,15
BRDA:282,21,1,1
BRDA:283,22,0,4
BRDA:283,22,1,12
BRDA:284,23,0,3
BRDA:284,23,1,13
BRDA:311,24,0,9
BRDA:311,24,1,5
BRDA:321,25,0,1
BRDA:321,25,1,12
BRDA:322,26,0,0
BRDA:322,26,1,12
BRDA:328,27,0,0
BRDA:328,27,1,12
BRDA:337,28,0,12
BRDA:337,28,1,0
BRDA:337,29,0,12
BRDA:337,29,1,12
BRDA:337,29,2,12
BRDA:360,30,0,6
BRDA:360,30,1,1
BRDA:373,31,0,8
BRDA:373,31,1,2
BRDA:373,31,2,1
BRDA:374,32,0,8
BRDA:374,32,1,2
BRDA:374,32,2,2
BRDA:374,32,3,1
BRDA:374,32,4,2
BRDA:379,33,0,1
BRDA:379,33,1,7
BRDA:379,34,0,8
BRDA:379,34,1,1
BRDA:392,35,0,0
BRDA:392,35,1,8
BRDA:392,36,0,8
BRDA:392,36,1,8
BRDA:395,37,0,7
BRDA:395,37,1,1
BRDA:402,38,0,2
BRDA:402,38,1,3
BRDA:402,39,0,5
BRDA:402,39,1,3
BRDA:411,40,0,2
BRDA:411,40,1,1
BRDA:411,41,0,3
BRDA:411,41,1,1
BRDA:421,42,0,1
BRDA:421,42,1,1
BRDA:422,43,0,2
BRDA:422,43,1,1
BRDA:422,43,2,1
BRDA:422,43,3,1
BRDA:422,43,4,1
BRDA:434,44,0,1
BRDA:434,44,1,0
BRDA:434,44,2,0
BRDA:434,44,3,0
BRDA:434,44,4,0
BRDA:444,45,0,1
BRDA:444,45,1,0
BRDA:445,46,0,1
BRDA:445,46,1,0
BRDA:457,47,0,0
BRDA:457,47,1,2
BRDA:461,48,0,0
BRDA:461,48,1,2
BRDA:468,49,0,1
BRDA:468,49,1,0
BRDA:477,50,0,2
BRDA:477,50,1,0
BRDA:483,51,0,2
BRDA:483,51,1,0
BRDA:525,52,0,4
BRDA:525,52,1,16
BRDA:527,53,0,8
BRDA:527,53,1,8
BRDA:527,54,0,16
BRDA:527,54,1,16
BRDA:546,55,0,7
BRDA:557,56,0,7
BRDA:557,56,1,0
BRDA:565,57,0,1
BRDA:565,57,1,0
BRDA:579,58,0,3
BRDA:579,58,1,5
BRDA:583,59,0,2
BRDA:583,59,1,6
BRDA:584,60,0,1
BRDA:584,60,1,1
BRDA:600,61,0,1
BRDA:600,61,1,5
BRDA:608,62,0,2
BRDA:608,62,1,3
BRDA:612,63,0,1
BRDA:612,63,1,4
BRDA:623,64,0,1
BRDA:623,64,1,4
BRDA:629,65,0,8
BRDA:629,65,1,0
BRDA:637,66,0,1
BRDA:637,66,1,7
BRDA:638,67,0,1
BRDA:638,67,1,4
BRDA:644,68,0,2
BRDA:644,68,1,5
BRDA:645,69,0,1
BRDA:645,69,1,6
BRDA:656,70,0,7
BRDA:657,71,0,7
BRDA:662,72,0,4
BRDA:662,72,1,3
BRDA:665,73,0,3
BRDA:665,73,1,3
BRDA:670,74,0,1
BRDA:670,74,1,3
BRDA:677,75,0,0
BRDA:677,75,1,6
BRDA:694,76,0,1
BRDA:694,76,1,6
BRDA:699,77,0,2
BRDA:699,77,1,4
BRDA:700,78,0,1
BRDA:700,78,1,6
BRDA:700,79,0,7
BRDA:700,79,1,2
BRDA:703,80,0,1
BRDA:703,80,1,0
BRDA:704,81,0,1
BRDA:704,81,1,0
BRDA:706,82,0,1
BRDA:706,82,1,0
BRDA:706,83,0,1
BRDA:706,83,1,1
BRDA:711,84,0,0
BRDA:711,84,1,1
BRDA:718,85,0,1
BRDA:718,85,1,1
BRDA:725,86,0,1
BRDA:725,86,1,0
BRDA:725,86,2,0
BRDA:726,87,0,1
BRDA:726,87,1,0
BRDA:731,88,0,0
BRDA:731,88,1,1
BRDA:734,89,0,0
BRDA:734,89,1,1
BRDA:748,90,0,1
BRDA:748,90,1,4
BRDA:764,91,0,0
BRDA:764,91,1,4
BRDA:772,92,0,0
BRDA:772,92,1,4
BRDA:783,93,0,0
BRDA:783,93,1,4
BRDA:800,94,0,4
BRDA:800,94,1,3
BRDA:802,95,0,0
BRDA:802,95,1,4
BRDA:809,96,0,1
BRDA:809,96,1,5
BRDA:810,97,0,1
BRDA:810,97,1,5
BRDA:822,98,0,6
BRDA:822,98,1,0
BRDA:823,99,0,4
BRDA:823,99,1,2
BRDA:823,100,0,6
BRDA:823,100,1,4
BRDA:826,101,0,3
BRDA:826,101,1,1
BRDA:833,102,0,1
BRDA:833,102,1,2
BRDA:833,103,0,3
BRDA:833,103,1,2
BRDA:842,104,0,1
BRDA:842,104,1,2
BRDA:873,105,0,3
BRDA:873,105,1,0
BRDA:873,106,0,3
BRDA:873,106,1,0
BRDA:873,106,2,0
BRDA:917,107,0,1
BRDA:917,107,1,1
BRDA:933,108,0,31
BRDA:933,108,1,11
BRDA:937,109,0,6
BRDA:937,109,1,0
BRDA:938,110,0,6
BRDA:938,110,1,6
BRDA:939,111,0,6
BRDA:939,111,1,4
BRDA:940,112,0,6
BRDA:940,112,1,5
BRDA:941,113,0,6
BRDA:941,113,1,4
BRDA:942,114,0,6
BRDA:942,114,1,6
BRDA:971,115,0,1
BRDA:971,115,1,6
BRDA:977,116,0,1
BRDA:977,116,1,5
BRDA:984,117,0,6
BRDA:984,117,1,4
BRDA:985,118,0,2
BRDA:985,118,1,5
BRDA:985,119,0,7
BRDA:985,119,1,2
BRDA:986,120,0,2
BRDA:986,120,1,0
BRDA:987,121,0,0
BRDA:987,121,1,2
BRDA:996,122,0,1
BRDA:996,122,1,5
BRDA:997,123,0,6
BRDA:997,123,1,5
BRDA:997,123,2,0
BRDA:1010,124,0,1
BRDA:1010,124,1,0
BRDA:1011,125,0,1
BRDA:1011,125,1,1
BRDA:1011,125,2,0
BRDA:1030,126,0,2
BRDA:1030,126,1,5
BRDA:1030,127,0,7
BRDA:1030,127,1,2
BRDA:1041,128,0,1
BRDA:1041,128,1,6
BRDA:1044,129,0,1
BRDA:1044,129,1,5
BRDA:1046,130,0,5
BRDA:1046,130,1,0
BRDA:1049,131,0,1
BRDA:1049,131,1,12
BRDA:1052,132,0,1
BRDA:1052,132,1,3
BRDA:1055,133,0,2
BRDA:1055,133,1,1
BRDA:1057,134,0,2
BRDA:1057,134,1,0
BRDA:1057,135,0,2
BRDA:1057,135,1,1
BRF:280
BRH:232
end_of_record
TN:
SF:tools\rename-samples.ts
FN:58,cleanName
FN:67,physicalPath
FN:77,newMetadataFilename
FN:87,stemOf
FN:100,extractBase
FN:114,numericSortKey
FN:120,deriveAlias
FN:137,planRenames
FN:176,(anonymous_8)
FN:246,applyRenames
FNF:10
FNH:10
FNDA:28,cleanName
FNDA:10,physicalPath
FNDA:10,newMetadataFilename
FNDA:10,stemOf
FNDA:16,extractBase
FNDA:8,numericSortKey
FNDA:15,deriveAlias
FNDA:8,planRenames
FNDA:2,(anonymous_8)
FNDA:6,applyRenames
DA:59,28
DA:60,28
DA:61,28
DA:62,28
DA:63,28
DA:68,10
DA:69,10
DA:70,1
DA:72,9
DA:73,10
DA:78,10
DA:79,10
DA:80,1
DA:81,1
DA:83,9
DA:88,10
DA:89,10
DA:90,10
DA:101,16
DA:102,16
DA:103,29
DA:104,29
DA:105,13
DA:107,16
DA:110,16
DA:115,8
DA:116,8
DA:121,15
DA:122,4
DA:123,4
DA:124,3
DA:127,12
DA:138,8
DA:150,8
DA:151,8
DA:152,10
DA:153,10
DA:154,10
DA:155,10
DA:156,10
DA:157,10
DA:161,8
DA:162,8
DA:163,10
DA:164,10
DA:165,10
DA:166,10
DA:167,10
DA:170,8
DA:172,8
DA:173,8
DA:174,7
DA:176,1
DA:177,2
DA:178,2
DA:179,2
DA:180,2
DA:181,2
DA:182,2
DA:184,0
DA:187,1
DA:188,1
DA:189,3
DA:190,3
DA:196,8
DA:198,8
DA:199,10
DA:200,10
DA:201,10
DA:202,10
DA:204,10
DA:205,10
DA:206,10
DA:207,10
DA:209,10
DA:210,10
DA:211,10
DA:214,10
DA:220,10
DA:222,9
DA:237,8
DA:247,6
DA:250,6
DA:251,6
DA:253,6
DA:254,6
DA:255,6
DA:257,6
DA:258,4
DA:259,4
DA:261,4
DA:262,0
DA:263,0
DA:265,4
DA:266,4
DA:271,6
DA:272,6
DA:273,6
DA:274,4
DA:275,4
DA:276,4
DA:277,4
DA:281,1
DA:282,1
DA:283,1
DA:284,1
DA:285,1
DA:290,1
DA:291,2
DA:292,2
DA:293,1
DA:294,1
DA:300,1
DA:304,5
DA:305,4
DA:306,4
DA:307,4
DA:308,4
DA:309,4
DA:310,3
DA:312,4
DA:313,1
DA:317,5
LF:123
LH:120
BRDA:63,0,0,28
BRDA:63,0,1,2
BRDA:69,1,0,1
BRDA:69,1,1,9
BRDA:72,2,0,9
BRDA:72,2,1,1
BRDA:72,2,2,0
BRDA:79,3,0,1
BRDA:79,3,1,9
BRDA:90,4,0,10
BRDA:90,4,1,0
BRDA:104,5,0,13
BRDA:104,5,1,16
BRDA:116,6,0,7
BRDA:116,6,1,1
BRDA:121,7,0,4
BRDA:121,7,1,11
BRDA:121,8,0,15
BRDA:121,8,1,14
BRDA:123,9,0,3
BRDA:123,9,1,1
BRDA:123,10,0,4
BRDA:123,10,1,4
BRDA:165,11,0,10
BRDA:165,11,1,8
BRDA:173,12,0,7
BRDA:173,12,1,1
BRDA:180,13,0,2
BRDA:180,13,1,0
BRDA:181,14,0,2
BRDA:181,14,1,0
BRDA:182,15,0,2
BRDA:182,15,1,0
BRDA:204,16,0,10
BRDA:204,16,1,0
BRDA:205,17,0,10
BRDA:205,17,1,0
BRDA:206,18,0,10
BRDA:206,18,1,9
BRDA:209,19,0,10
BRDA:209,19,1,0
BRDA:210,20,0,0
BRDA:210,20,1,10
BRDA:214,21,0,10
BRDA:214,21,1,2
BRDA:214,21,2,2
BRDA:214,21,3,1
BRDA:214,21,4,1
BRDA:220,22,0,1
BRDA:220,22,1,9
BRDA:257,23,0,4
BRDA:257,23,1,2
BRDA:257,24,0,6
BRDA:257,24,1,4
BRDA:261,25,0,0
BRDA:261,25,1,4
BRDA:292,26,0,1
BRDA:292,26,1,1
BRDA:309,27,0,3
BRDA:309,27,1,1
BRDA:312,28,0,1
BRDA:312,28,1,3
BRF:62
BRH:52
end_of_record
TN:
SF:tools\reorganize.ts
FN:103,getChannel
FN:179,splitPathParts
FN:183,chooseDestination
FN:231,collectMetadata
FN:234,walk
FN:263,reorganize
FNF:6
FNH:6
FNDA:72,getChannel
FNDA:8,splitPathParts
FNDA:7,chooseDestination
FNDA:19,collectMetadata
FNDA:23,walk
FNDA:10,reorganize
DA:19,2
DA:61,2
DA:79,2
DA:80,2
DA:81,2
DA:82,2
DA:83,2
DA:84,2
DA:87,2
DA:96,2
DA:104,72
DA:105,72
DA:108,72
DA:109,72
DA:110,2
DA:114,70
DA:115,70
DA:118,61
DA:119,61
DA:120,4
DA:121,4
DA:122,2
DA:126,57
DA:127,57
DA:130,55
DA:131,55
DA:134,53
DA:135,53
DA:138,52
DA:139,52
DA:140,51
DA:141,51
DA:142,100
DA:143,100
DA:148,11
DA:149,8
DA:150,8
DA:151,137
DA:155,4
DA:180,8
DA:190,7
DA:191,7
DA:192,7
DA:193,7
DA:195,7
DA:196,7
DA:197,7
DA:198,1386
DA:199,1386
DA:203,7
DA:205,7
DA:206,10
DA:207,10
DA:208,7
DA:209,7
DA:211,3
DA:214,7
DA:215,0
DA:220,7
DA:232,19
DA:235,23
DA:236,23
DA:237,38
DA:238,38
DA:239,4
DA:240,34
DA:241,17
DA:242,17
DA:243,17
DA:244,21
DA:252,0
DA:256,19
DA:257,19
DA:264,10
DA:265,10
DA:266,1
DA:267,1
DA:270,9
DA:271,9
DA:272,9
DA:273,9
DA:274,9
DA:275,9
DA:276,9
DA:279,0
DA:282,9
DA:284,9
DA:285,9
DA:286,9
DA:287,9
DA:289,9
DA:290,9
DA:291,9
DA:292,1
DA:293,1
DA:296,8
DA:297,8
DA:298,1
DA:299,1
DA:302,7
DA:303,9
DA:304,1
DA:305,1
DA:306,1
DA:309,7
DA:310,9
DA:312,9
DA:313,9
DA:314,9
DA:315,9
DA:316,9
DA:318,7
DA:319,7
DA:320,7
DA:321,7
DA:323,7
DA:324,1
DA:325,1
DA:326,1
DA:329,6
DA:330,6
DA:331,6
DA:334,9
DA:339,10
DA:340,8
DA:341,8
DA:342,2
DA:343,2
DA:344,2
DA:349,2
DA:350,2
DA:353,6
DA:357,6
DA:358,1
DA:361,6
DA:366,6
LF:136
LH:133
BRDA:103,0,0,72
BRDA:103,1,0,72
BRDA:108,2,0,72
BRDA:108,2,1,70
BRDA:110,3,0,2
BRDA:110,3,1,0
BRDA:115,4,0,9
BRDA:115,4,1,61
BRDA:115,5,0,9
BRDA:115,5,1,1
BRDA:119,6,0,4
BRDA:119,6,1,57
BRDA:121,7,0,2
BRDA:121,7,1,2
BRDA:122,8,0,2
BRDA:122,8,1,1
BRDA:127,9,0,2
BRDA:127,9,1,55
BRDA:127,10,0,2
BRDA:127,10,1,0
BRDA:131,11,0,2
BRDA:131,11,1,53
BRDA:131,12,0,2
BRDA:131,12,1,0
BRDA:135,13,0,1
BRDA:135,13,1,52
BRDA:135,14,0,1
BRDA:135,14,1,0
BRDA:139,15,0,51
BRDA:139,15,1,1
BRDA:143,16,0,41
BRDA:143,16,1,59
BRDA:148,17,0,8
BRDA:148,17,1,3
BRDA:151,18,0,7
BRDA:151,18,1,130
BRDA:207,19,0,7
BRDA:207,19,1,3
BRDA:207,20,0,10
BRDA:207,20,1,3
BRDA:214,21,0,0
BRDA:214,21,1,7
BRDA:238,22,0,4
BRDA:238,22,1,34
BRDA:240,23,0,17
BRDA:240,23,1,17
BRDA:240,24,0,34
BRDA:240,24,1,34
BRDA:243,25,0,17
BRDA:243,25,1,0
BRDA:263,26,0,10
BRDA:265,27,0,1
BRDA:265,27,1,9
BRDA:274,28,0,9
BRDA:274,28,1,0
BRDA:274,29,0,9
BRDA:274,29,1,9
BRDA:274,29,2,9
BRDA:290,30,0,9
BRDA:290,30,1,0
BRDA:291,31,0,1
BRDA:291,31,1,8
BRDA:297,32,0,1
BRDA:297,32,1,7
BRDA:297,33,0,8
BRDA:297,33,1,7
BRDA:302,34,0,7
BRDA:302,34,1,1
BRDA:303,35,0,1
BRDA:303,35,1,8
BRDA:304,36,0,1
BRDA:304,36,1,0
BRDA:305,37,0,1
BRDA:305,37,1,0
BRDA:309,38,0,7
BRDA:309,38,1,7
BRDA:312,39,0,9
BRDA:312,39,1,5
BRDA:316,40,0,2
BRDA:316,40,1,7
BRDA:323,41,0,1
BRDA:323,41,1,6
BRDA:335,42,0,1
BRDA:335,42,1,8
BRDA:335,43,0,1
BRDA:335,43,1,8
BRDA:339,44,0,8
BRDA:339,44,1,2
BRDA:341,45,0,2
BRDA:341,45,1,6
BRDA:343,46,0,2
BRDA:343,46,1,0
BRDA:343,47,0,2
BRDA:343,47,1,2
BRDA:357,48,0,1
BRDA:357,48,1,5
BRF:96
BRH:85
end_of_record
