TN:
SF:tools\find-duplicates.ts
FN:34,pcmDataOffset
FN:60,hashPcm
FN:84,findWavFiles
FN:87,walk
FN:110,scanOutput
FN:137,productOf
FN:150,filterSameProduct
FN:153,(anonymous_7)
FN:162,filterCrossProduct
FN:165,(anonymous_9)
FN:173,printReport
FN:183,(anonymous_11)
FN:196,writeCsv
FN:200,(anonymous_13)
FNF:14
FNH:12
FNDA:18,pcmDataOffset
FNDA:13,hashPcm
FNDA:3,findWavFiles
FNDA:6,walk
FNDA:3,scanOutput
FNDA:10,productOf
FNDA:1,filterSameProduct
FNDA:4,(anonymous_7)
FNDA:2,filterCrossProduct
FNDA:6,(anonymous_9)
FNDA:2,printReport
FNDA:0,(anonymous_11)
FNDA:1,writeCsv
FNDA:0,(anonymous_13)
DA:23,1
DA:24,1
DA:25,1
DA:35,18
DA:36,2
DA:39,16
DA:40,16
DA:41,30
DA:42,30
DA:43,30
DA:44,13
DA:46,17
DA:47,1
DA:49,16
DA:50,16
DA:53,2
DA:62,13
DA:63,13
DA:65,1
DA:66,1
DA:69,12
DA:70,12
DA:71,1
DA:72,1
DA:74,11
DA:76,10
DA:77,10
DA:78,10
DA:85,3
DA:88,6
DA:89,6
DA:90,8
DA:91,8
DA:92,3
DA:93,5
DA:94,5
DA:98,0
DA:102,3
DA:103,3
DA:111,3
DA:112,3
DA:113,3
DA:115,3
DA:116,5
DA:117,5
DA:118,5
DA:119,5
DA:120,5
DA:121,5
DA:125,3
DA:128,3
DA:129,3
DA:130,4
DA:132,3
DA:138,10
DA:139,10
DA:140,10
DA:141,10
DA:143,0
DA:151,1
DA:152,1
DA:153,4
DA:154,2
DA:156,1
DA:163,2
DA:164,2
DA:165,6
DA:166,3
DA:168,2
DA:174,2
DA:175,1
DA:176,1
DA:179,1
DA:180,1
DA:181,1
DA:183,1
DA:184,1
DA:185,1
DA:186,1
DA:187,1
DA:188,2
DA:189,2
DA:190,2
DA:192,1
DA:197,1
DA:198,1
DA:200,1
DA:201,1
DA:202,1
DA:203,1
DA:204,2
DA:205,2
DA:206,2
DA:207,2
DA:208,2
DA:209,2
DA:210,2
DA:214,1
DA:215,1
LF:99
LH:97
BRDA:35,0,0,2
BRDA:35,0,1,16
BRDA:35,1,0,18
BRDA:35,1,1,18
BRDA:35,1,2,16
BRDA:43,2,0,13
BRDA:43,2,1,17
BRDA:46,3,0,1
BRDA:46,3,1,16
BRDA:50,4,0,1
BRDA:50,4,1,15
BRDA:70,5,0,1
BRDA:70,5,1,11
BRDA:74,6,0,1
BRDA:74,6,1,10
BRDA:77,7,0,0
BRDA:77,7,1,10
BRDA:91,8,0,3
BRDA:91,8,1,5
BRDA:93,9,0,5
BRDA:93,9,1,0
BRDA:93,10,0,5
BRDA:93,10,1,5
BRDA:118,11,0,5
BRDA:118,11,1,0
BRDA:119,12,0,5
BRDA:119,12,1,4
BRDA:130,13,0,1
BRDA:130,13,1,3
BRDA:141,14,0,10
BRDA:141,14,1,0
BRDA:154,15,0,1
BRDA:154,15,1,1
BRDA:166,16,0,1
BRDA:166,16,1,2
BRDA:174,17,0,1
BRDA:174,17,1,1
BRDA:206,18,0,2
BRDA:206,18,1,0
BRDA:207,19,0,2
BRDA:207,19,1,0
BRDA:208,20,0,2
BRDA:208,20,1,0
BRF:43
BRH:36
end_of_record
TN:
SF:tools\pxd-parser.ts
FN:105,decodePxdAudio
FN:145,applyDpcm
FN:172,parsePxdHeader
FN:211,decodePxdFile
FN:228,writeWav
FN:274,parseMetadataFields
FN:278,(anonymous_6)
FN:279,(anonymous_7)
FN:303,parseInfCatalog
FN:354,loadArchiveParts
FN:367,assignArchivePartIndices
FN:389,sliceArchiveEntry
FN:400,parseStereoFilename
FN:409,parseStereoAlias
FN:418,isStereoPair
FN:442,stripStereoInfo
FN:455,decodePackedEntryAudio
FN:467,interleaveStereoChannels
FN:517,globFiles
FN:521,walk
FN:543,extractIndividualPxds
FN:644,extractPackedArchive
FN:809,mergeStereoPairs
FN:850,parsePxddance
FN:884,buildCategoryMap
FN:901,enrichWithCategories
FN:920,sanitizeFilename
FN:927,buildDisplayName
FN:955,organizeOutput
FN:1031,detectSourceType
FNF:30
FNH:30
FNDA:23,decodePxdAudio
FNDA:7,applyDpcm
FNDA:21,parsePxdHeader
FNDA:15,decodePxdFile
FNDA:13,writeWav
FNDA:16,parseMetadataFields
FNDA:29,(anonymous_6)
FNDA:29,(anonymous_7)
FNDA:10,parseInfCatalog
FNDA:6,loadArchiveParts
FNDA:6,assignArchivePartIndices
FNDA:8,sliceArchiveEntry
FNDA:5,parseStereoFilename
FNDA:3,parseStereoAlias
FNDA:2,isStereoPair
FNDA:1,stripStereoInfo
FNDA:2,decodePackedEntryAudio
FNDA:1,interleaveStereoChannels
FNDA:6,globFiles
FNDA:7,walk
FNDA:6,extractIndividualPxds
FNDA:7,extractPackedArchive
FNDA:3,mergeStereoPairs
FNDA:3,parsePxddance
FNDA:3,buildCategoryMap
FNDA:3,enrichWithCategories
FNDA:31,sanitizeFilename
FNDA:6,buildDisplayName
FNDA:5,organizeOutput
FNDA:7,detectSourceType
DA:22,1
DA:23,1
DA:24,1
DA:27,1
DA:29,1
DA:30,1
DA:31,1
DA:34,1
DA:35,1
DA:36,1
DA:41,1
DA:106,23
DA:107,23
DA:108,23
DA:109,23
DA:111,23
DA:112,44133
DA:114,44133
DA:115,5
DA:116,5
DA:117,5
DA:118,5
DA:119,15
DA:120,5
DA:121,44128
DA:122,1
DA:123,1
DA:124,44127
DA:125,5
DA:126,1
DA:127,44126
DA:128,2
DA:129,1
DA:131,44125
DA:132,44125
DA:137,23
DA:139,23
DA:146,7
DA:147,7
DA:149,7
DA:150,30
DA:151,30
DA:152,30
DA:154,30
DA:155,11
DA:156,30
DA:159,7
DA:173,21
DA:175,20
DA:176,20
DA:178,18
DA:180,15
DA:181,15
DA:182,15
DA:184,15
DA:186,15
DA:187,15
DA:188,15
DA:190,15
DA:191,15
DA:193,14
DA:194,14
DA:195,14
DA:197,14
DA:212,15
DA:213,15
DA:215,12
DA:216,12
DA:217,12
DA:235,13
DA:236,13
DA:238,13
DA:239,13
DA:240,13
DA:241,13
DA:244,13
DA:245,13
DA:246,13
DA:247,13
DA:248,13
DA:249,13
DA:250,13
DA:251,13
DA:252,13
DA:253,13
DA:254,13
DA:255,13
DA:256,13
DA:257,13
DA:259,13
DA:275,16
DA:278,29
DA:279,29
DA:281,16
DA:282,16
DA:283,16
DA:284,16
DA:286,16
DA:304,10
DA:305,10
DA:306,10
DA:307,10
DA:310,10
DA:311,14
DA:312,9
DA:313,9
DA:315,5
DA:319,10
DA:320,13
DA:321,13
DA:322,12
DA:323,0
DA:324,0
DA:327,12
DA:328,12
DA:329,12
DA:331,12
DA:332,12
DA:333,12
DA:334,12
DA:335,12
DA:337,12
DA:338,12
DA:340,12
DA:342,0
DA:346,10
DA:355,6
DA:357,6
DA:358,7
DA:359,7
DA:360,7
DA:361,1
DA:364,6
DA:368,6
DA:369,6
DA:370,6
DA:372,6
DA:373,8
DA:374,8
DA:379,8
DA:380,1
DA:382,8
DA:383,8
DA:386,6
DA:390,8
DA:391,8
DA:392,8
DA:394,8
DA:395,8
DA:401,5
DA:402,5
DA:403,3
DA:410,3
DA:411,3
DA:412,1
DA:419,2
DA:420,2
DA:421,2
DA:428,1
DA:431,1
DA:432,1
DA:433,1
DA:443,1
DA:456,2
DA:457,2
DA:459,2
DA:460,2
DA:468,1
DA:469,1
DA:470,1
DA:471,1
DA:473,1
DA:474,2
DA:475,2
DA:477,2
DA:478,2
DA:480,0
DA:483,2
DA:484,2
DA:486,0
DA:490,1
DA:518,6
DA:519,6
DA:522,7
DA:523,7
DA:524,8
DA:525,8
DA:526,1
DA:527,7
DA:528,7
DA:532,0
DA:536,6
DA:537,6
DA:548,6
DA:549,6
DA:551,6
DA:553,6
DA:554,6
DA:555,6
DA:556,7
DA:557,7
DA:558,7
DA:559,7
DA:563,6
DA:564,6
DA:565,6
DA:567,6
DA:568,7
DA:569,7
DA:570,7
DA:571,7
DA:572,7
DA:575,7
DA:576,1
DA:577,1
DA:578,1
DA:579,1
DA:580,1
DA:581,1
DA:587,1
DA:590,6
DA:591,6
DA:592,1
DA:593,1
DA:596,5
DA:597,5
DA:599,5
DA:600,7
DA:603,7
DA:604,1
DA:605,1
DA:607,4
DA:608,4
DA:610,5
DA:612,5
DA:613,5
DA:614,5
DA:616,7
DA:628,7
DA:629,5
DA:631,5
DA:634,6
DA:635,6
DA:636,6
DA:638,6
DA:650,7
DA:653,7
DA:654,4
DA:655,6
DA:656,6
DA:657,3
DA:658,3
DA:661,4
DA:662,1
DA:663,1
DA:667,6
DA:668,6
DA:669,0
DA:670,0
DA:673,6
DA:674,6
DA:675,6
DA:676,6
DA:677,6
DA:678,6
DA:680,6
DA:681,7
DA:682,7
DA:683,7
DA:685,7
DA:686,1
DA:687,1
DA:690,6
DA:691,7
DA:692,1
DA:693,1
DA:694,1
DA:695,1
DA:697,1
DA:698,1
DA:699,1
DA:700,1
DA:701,1
DA:702,1
DA:703,1
DA:704,1
DA:705,1
DA:707,1
DA:708,1
DA:709,1
DA:711,1
DA:725,1
DA:727,1
DA:728,1
DA:729,1
DA:733,5
DA:734,5
DA:735,5
DA:736,5
DA:739,5
DA:740,1
DA:741,1
DA:742,1
DA:743,1
DA:751,1
DA:754,4
DA:755,4
DA:756,0
DA:757,0
DA:760,4
DA:763,4
DA:764,0
DA:765,0
DA:767,4
DA:768,4
DA:770,4
DA:772,4
DA:773,4
DA:774,4
DA:776,7
DA:791,7
DA:792,4
DA:793,4
DA:796,4
DA:799,6
DA:800,6
DA:801,6
DA:803,6
DA:810,3
DA:812,3
DA:813,6
DA:814,6
DA:815,4
DA:816,4
DA:817,4
DA:818,4
DA:822,3
DA:823,3
DA:824,3
DA:825,1
DA:826,1
DA:827,1
DA:828,1
DA:829,1
DA:833,3
DA:834,3
DA:851,3
DA:852,3
DA:853,3
DA:855,3
DA:856,3
DA:857,3
DA:858,3
DA:859,3
DA:860,3
DA:861,3
DA:862,3
DA:864,3
DA:865,3
DA:872,3
DA:874,0
DA:878,3
DA:885,3
DA:886,3
DA:887,4
DA:888,4
DA:889,4
DA:890,4
DA:891,4
DA:892,4
DA:894,3
DA:905,3
DA:906,3
DA:907,2
DA:908,2
DA:909,1
DA:910,1
DA:913,3
DA:918,1
DA:921,31
DA:922,31
DA:923,31
DA:924,31
DA:928,6
DA:929,6
DA:930,6
DA:931,6
DA:932,6
DA:933,6
DA:935,6
DA:944,6
DA:945,6
DA:946,6
DA:947,6
DA:949,6
DA:956,5
DA:957,5
DA:959,5
DA:960,7
DA:961,7
DA:962,7
DA:964,6
DA:966,6
DA:968,6
DA:969,1
DA:971,5
DA:975,6
DA:976,7
DA:977,2
DA:978,2
DA:979,0
DA:983,6
DA:986,6
DA:987,6
DA:992,1
DA:993,1
DA:994,1
DA:995,1
DA:996,1
DA:997,1
DA:998,1
DA:999,1
DA:1000,1
DA:1001,1
DA:1005,1
DA:1006,1
DA:1011,6
DA:1012,6
DA:1013,6
DA:1014,6
DA:1015,6
DA:1016,6
DA:1020,5
DA:1021,7
DA:1022,2
DA:1032,7
DA:1034,6
DA:1035,6
DA:1037,5
DA:1039,5
DA:1040,13
DA:1043,4
DA:1045,3
DA:1046,3
DA:1047,2
DA:1048,2
DA:1050,1
DA:1053,0
LF:448
LH:433
BRDA:111,0,0,23
BRDA:111,0,1,44134
BRDA:114,1,0,5
BRDA:114,1,1,44128
BRDA:121,2,0,1
BRDA:121,2,1,44127
BRDA:124,3,0,1
BRDA:124,3,1,44126
BRDA:127,4,0,1
BRDA:127,4,1,44125
BRDA:145,5,0,7
BRDA:151,6,0,30
BRDA:151,6,1,0
BRDA:154,7,0,19
BRDA:154,7,1,11
BRDA:155,8,0,0
BRDA:155,8,1,11
BRDA:173,9,0,1
BRDA:173,9,1,20
BRDA:176,10,0,2
BRDA:176,10,1,18
BRDA:178,11,0,3
BRDA:178,11,1,15
BRDA:182,12,0,0
BRDA:182,12,1,15
BRDA:187,13,0,15
BRDA:187,13,1,22
BRDA:191,14,0,1
BRDA:191,14,1,14
BRDA:213,15,0,3
BRDA:213,15,1,12
BRDA:231,16,0,13
BRDA:232,17,0,13
BRDA:233,18,0,13
BRDA:236,19,0,13
BRDA:236,19,1,0
BRDA:236,20,0,13
BRDA:236,20,1,13
BRDA:282,21,0,15
BRDA:282,21,1,1
BRDA:283,22,0,4
BRDA:283,22,1,12
BRDA:284,23,0,3
BRDA:284,23,1,13
BRDA:311,24,0,9
BRDA:311,24,1,5
BRDA:321,25,0,1
BRDA:321,25,1,12
BRDA:322,26,0,0
BRDA:322,26,1,12
BRDA:328,27,0,0
BRDA:328,27,1,12
BRDA:337,28,0,12
BRDA:337,28,1,0
BRDA:337,29,0,12
BRDA:337,29,1,12
BRDA:337,29,2,12
BRDA:360,30,0,6
BRDA:360,30,1,1
BRDA:373,31,0,8
BRDA:373,31,1,2
BRDA:373,31,2,1
BRDA:374,32,0,8
BRDA:374,32,1,2
BRDA:374,32,2,2
BRDA:374,32,3,1
BRDA:374,32,4,2
BRDA:379,33,0,1
BRDA:379,33,1,7
BRDA:379,34,0,8
BRDA:379,34,1,1
BRDA:392,35,0,0
BRDA:392,35,1,8
BRDA:392,36,0,8
BRDA:392,36,1,8
BRDA:395,37,0,7
BRDA:395,37,1,1
BRDA:402,38,0,2
BRDA:402,38,1,3
BRDA:402,39,0,5
BRDA:402,39,1,3
BRDA:411,40,0,2
BRDA:411,40,1,1
BRDA:411,41,0,3
BRDA:411,41,1,1
BRDA:421,42,0,1
BRDA:421,42,1,1
BRDA:422,43,0,2
BRDA:422,43,1,1
BRDA:422,43,2,1
BRDA:422,43,3,1
BRDA:422,43,4,1
BRDA:434,44,0,1
BRDA:434,44,1,0
BRDA:434,44,2,0
BRDA:434,44,3,0
BRDA:434,44,4,0
BRDA:444,45,0,1
BRDA:444,45,1,0
BRDA:445,46,0,1
BRDA:445,46,1,0
BRDA:457,47,0,0
BRDA:457,47,1,2
BRDA:461,48,0,0
BRDA:461,48,1,2
BRDA:468,49,0,1
BRDA:468,49,1,0
BRDA:477,50,0,2
BRDA:477,50,1,0
BRDA:483,51,0,2
BRDA:483,51,1,0
BRDA:525,52,0,1
BRDA:525,52,1,7
BRDA:527,53,0,7
BRDA:527,53,1,0
BRDA:527,54,0,7
BRDA:527,54,1,7
BRDA:546,55,0,6
BRDA:557,56,0,7
BRDA:557,56,1,0
BRDA:571,57,0,2
BRDA:571,57,1,5
BRDA:575,58,0,1
BRDA:575,58,1,6
BRDA:576,59,0,0
BRDA:576,59,1,1
BRDA:591,60,0,1
BRDA:591,60,1,5
BRDA:599,61,0,2
BRDA:599,61,1,3
BRDA:603,62,0,1
BRDA:603,62,1,4
BRDA:614,63,0,1
BRDA:614,63,1,4
BRDA:620,64,0,7
BRDA:620,64,1,0
BRDA:628,65,0,1
BRDA:628,65,1,6
BRDA:629,66,0,1
BRDA:629,66,1,4
BRDA:635,67,0,1
BRDA:635,67,1,5
BRDA:636,68,0,1
BRDA:636,68,1,5
BRDA:647,69,0,7
BRDA:648,70,0,7
BRDA:653,71,0,4
BRDA:653,71,1,3
BRDA:656,72,0,3
BRDA:656,72,1,3
BRDA:661,73,0,1
BRDA:661,73,1,3
BRDA:668,74,0,0
BRDA:668,74,1,6
BRDA:685,75,0,1
BRDA:685,75,1,6
BRDA:690,76,0,2
BRDA:690,76,1,4
BRDA:691,77,0,1
BRDA:691,77,1,6
BRDA:691,78,0,7
BRDA:691,78,1,2
BRDA:694,79,0,1
BRDA:694,79,1,0
BRDA:695,80,0,1
BRDA:695,80,1,0
BRDA:697,81,0,1
BRDA:697,81,1,0
BRDA:697,82,0,1
BRDA:697,82,1,1
BRDA:702,83,0,0
BRDA:702,83,1,1
BRDA:709,84,0,1
BRDA:709,84,1,1
BRDA:716,85,0,1
BRDA:716,85,1,0
BRDA:716,85,2,0
BRDA:717,86,0,1
BRDA:717,86,1,0
BRDA:722,87,0,0
BRDA:722,87,1,1
BRDA:725,88,0,0
BRDA:725,88,1,1
BRDA:739,89,0,1
BRDA:739,89,1,4
BRDA:755,90,0,0
BRDA:755,90,1,4
BRDA:763,91,0,0
BRDA:763,91,1,4
BRDA:774,92,0,0
BRDA:774,92,1,4
BRDA:791,93,0,4
BRDA:791,93,1,3
BRDA:793,94,0,0
BRDA:793,94,1,4
BRDA:800,95,0,1
BRDA:800,95,1,5
BRDA:801,96,0,1
BRDA:801,96,1,5
BRDA:813,97,0,6
BRDA:813,97,1,0
BRDA:814,98,0,4
BRDA:814,98,1,2
BRDA:814,99,0,6
BRDA:814,99,1,4
BRDA:817,100,0,3
BRDA:817,100,1,1
BRDA:824,101,0,1
BRDA:824,101,1,2
BRDA:824,102,0,3
BRDA:824,102,1,2
BRDA:833,103,0,1
BRDA:833,103,1,2
BRDA:864,104,0,3
BRDA:864,104,1,0
BRDA:864,105,0,3
BRDA:864,105,1,0
BRDA:864,105,2,0
BRDA:908,106,0,1
BRDA:908,106,1,1
BRDA:924,107,0,31
BRDA:924,107,1,11
BRDA:928,108,0,6
BRDA:928,108,1,0
BRDA:929,109,0,6
BRDA:929,109,1,6
BRDA:930,110,0,6
BRDA:930,110,1,4
BRDA:931,111,0,6
BRDA:931,111,1,5
BRDA:932,112,0,6
BRDA:932,112,1,4
BRDA:933,113,0,6
BRDA:933,113,1,6
BRDA:962,114,0,1
BRDA:962,114,1,6
BRDA:968,115,0,1
BRDA:968,115,1,5
BRDA:975,116,0,6
BRDA:975,116,1,4
BRDA:976,117,0,2
BRDA:976,117,1,5
BRDA:976,118,0,7
BRDA:976,118,1,2
BRDA:977,119,0,2
BRDA:977,119,1,0
BRDA:978,120,0,0
BRDA:978,120,1,2
BRDA:987,121,0,1
BRDA:987,121,1,5
BRDA:988,122,0,6
BRDA:988,122,1,5
BRDA:988,122,2,0
BRDA:1001,123,0,1
BRDA:1001,123,1,0
BRDA:1002,124,0,1
BRDA:1002,124,1,1
BRDA:1002,124,2,0
BRDA:1021,125,0,2
BRDA:1021,125,1,5
BRDA:1021,126,0,7
BRDA:1021,126,1,2
BRDA:1032,127,0,1
BRDA:1032,127,1,6
BRDA:1035,128,0,1
BRDA:1035,128,1,5
BRDA:1037,129,0,5
BRDA:1037,129,1,0
BRDA:1040,130,0,1
BRDA:1040,130,1,12
BRDA:1043,131,0,1
BRDA:1043,131,1,3
BRDA:1046,132,0,2
BRDA:1046,132,1,1
BRDA:1048,133,0,2
BRDA:1048,133,1,0
BRDA:1048,134,0,2
BRDA:1048,134,1,1
BRF:278
BRH:229
end_of_record
TN:
SF:tools\rename-samples.ts
FN:58,cleanName
FN:67,physicalPath
FN:77,newMetadataFilename
FN:87,stemOf
FN:100,extractBase
FN:114,numericSortKey
FN:120,deriveAlias
FN:137,planRenames
FN:176,(anonymous_8)
FN:246,applyRenames
FNF:10
FNH:10
FNDA:28,cleanName
FNDA:10,physicalPath
FNDA:10,newMetadataFilename
FNDA:10,stemOf
FNDA:16,extractBase
FNDA:8,numericSortKey
FNDA:15,deriveAlias
FNDA:8,planRenames
FNDA:2,(anonymous_8)
FNDA:6,applyRenames
DA:59,28
DA:60,28
DA:61,28
DA:62,28
DA:63,28
DA:68,10
DA:69,10
DA:70,1
DA:72,9
DA:73,10
DA:78,10
DA:79,10
DA:80,1
DA:81,1
DA:83,9
DA:88,10
DA:89,10
DA:90,10
DA:101,16
DA:102,16
DA:103,29
DA:104,29
DA:105,13
DA:107,16
DA:110,16
DA:115,8
DA:116,8
DA:121,15
DA:122,4
DA:123,4
DA:124,3
DA:127,12
DA:138,8
DA:150,8
DA:151,8
DA:152,10
DA:153,10
DA:154,10
DA:155,10
DA:156,10
DA:157,10
DA:161,8
DA:162,8
DA:163,10
DA:164,10
DA:165,10
DA:166,10
DA:167,10
DA:170,8
DA:172,8
DA:173,8
DA:174,7
DA:176,1
DA:177,2
DA:178,2
DA:179,2
DA:180,2
DA:181,2
DA:182,2
DA:184,0
DA:187,1
DA:188,1
DA:189,3
DA:190,3
DA:196,8
DA:198,8
DA:199,10
DA:200,10
DA:201,10
DA:202,10
DA:204,10
DA:205,10
DA:206,10
DA:207,10
DA:209,10
DA:210,10
DA:211,10
DA:214,10
DA:220,10
DA:222,9
DA:237,8
DA:247,6
DA:250,6
DA:251,6
DA:253,6
DA:254,6
DA:255,6
DA:257,6
DA:258,4
DA:259,4
DA:260,4
DA:261,4
DA:266,6
DA:267,6
DA:268,6
DA:269,4
DA:270,4
DA:271,4
DA:272,4
DA:276,1
DA:277,1
DA:278,1
DA:279,1
DA:280,1
DA:285,1
DA:286,2
DA:287,2
DA:288,1
DA:289,1
DA:295,1
DA:299,5
DA:300,4
DA:301,4
DA:302,4
DA:303,4
DA:304,4
DA:305,3
DA:307,4
DA:308,1
DA:312,5
LF:120
LH:119
BRDA:63,0,0,28
BRDA:63,0,1,2
BRDA:69,1,0,1
BRDA:69,1,1,9
BRDA:72,2,0,9
BRDA:72,2,1,1
BRDA:72,2,2,0
BRDA:79,3,0,1
BRDA:79,3,1,9
BRDA:90,4,0,10
BRDA:90,4,1,0
BRDA:104,5,0,13
BRDA:104,5,1,16
BRDA:116,6,0,7
BRDA:116,6,1,1
BRDA:121,7,0,4
BRDA:121,7,1,11
BRDA:121,8,0,15
BRDA:121,8,1,14
BRDA:123,9,0,3
BRDA:123,9,1,1
BRDA:123,10,0,4
BRDA:123,10,1,4
BRDA:165,11,0,10
BRDA:165,11,1,8
BRDA:173,12,0,7
BRDA:173,12,1,1
BRDA:180,13,0,2
BRDA:180,13,1,0
BRDA:181,14,0,2
BRDA:181,14,1,0
BRDA:182,15,0,2
BRDA:182,15,1,0
BRDA:204,16,0,10
BRDA:204,16,1,0
BRDA:205,17,0,10
BRDA:205,17,1,0
BRDA:206,18,0,10
BRDA:206,18,1,9
BRDA:209,19,0,10
BRDA:209,19,1,0
BRDA:210,20,0,0
BRDA:210,20,1,10
BRDA:214,21,0,10
BRDA:214,21,1,2
BRDA:214,21,2,2
BRDA:214,21,3,1
BRDA:214,21,4,1
BRDA:220,22,0,1
BRDA:220,22,1,9
BRDA:257,23,0,4
BRDA:257,23,1,2
BRDA:257,24,0,6
BRDA:257,24,1,4
BRDA:287,25,0,1
BRDA:287,25,1,1
BRDA:304,26,0,3
BRDA:304,26,1,1
BRDA:307,27,0,1
BRDA:307,27,1,3
BRF:60
BRH:51
end_of_record
TN:
SF:tools\reorganize.ts
FN:103,getChannel
FN:179,splitPathParts
FN:183,chooseDestination
FN:225,collectMetadata
FN:228,walk
FN:257,reorganize
FNF:6
FNH:6
FNDA:46,getChannel
FNDA:8,splitPathParts
FNDA:7,chooseDestination
FNDA:14,collectMetadata
FNDA:18,walk
FNDA:10,reorganize
DA:19,1
DA:61,1
DA:79,1
DA:80,1
DA:81,1
DA:82,1
DA:83,1
DA:84,1
DA:87,1
DA:96,1
DA:104,46
DA:105,46
DA:108,46
DA:109,46
DA:110,1
DA:114,45
DA:115,45
DA:118,38
DA:119,38
DA:120,3
DA:121,3
DA:122,2
DA:126,35
DA:127,35
DA:130,33
DA:131,33
DA:134,31
DA:135,31
DA:138,30
DA:139,30
DA:140,29
DA:141,29
DA:142,78
DA:143,78
DA:148,10
DA:149,8
DA:150,8
DA:151,137
DA:155,3
DA:180,8
DA:190,7
DA:191,7
DA:192,7
DA:193,7
DA:195,7
DA:196,7
DA:197,7
DA:198,1386
DA:199,1386
DA:202,7
DA:203,7
DA:205,7
DA:206,10
DA:207,10
DA:208,7
DA:209,7
DA:211,3
DA:214,7
DA:226,14
DA:229,18
DA:230,18
DA:231,26
DA:232,26
DA:233,4
DA:234,22
DA:235,12
DA:236,12
DA:237,12
DA:238,12
DA:246,0
DA:250,14
DA:251,14
DA:258,10
DA:259,10
DA:260,1
DA:261,1
DA:264,9
DA:265,9
DA:266,9
DA:267,9
DA:268,9
DA:269,9
DA:270,9
DA:273,0
DA:276,9
DA:278,9
DA:279,9
DA:280,9
DA:281,9
DA:283,9
DA:284,9
DA:285,9
DA:286,1
DA:287,1
DA:290,8
DA:291,8
DA:292,1
DA:293,1
DA:296,7
DA:297,9
DA:298,1
DA:299,1
DA:300,1
DA:303,7
DA:304,9
DA:306,9
DA:307,9
DA:308,9
DA:309,9
DA:310,9
DA:312,7
DA:313,7
DA:314,7
DA:315,7
DA:317,7
DA:318,1
DA:319,1
DA:320,1
DA:323,6
DA:324,6
DA:325,6
DA:328,9
DA:333,10
DA:334,8
DA:335,8
DA:336,2
DA:337,2
DA:338,2
DA:343,2
DA:344,2
DA:347,6
DA:351,6
DA:352,1
DA:355,6
DA:360,6
LF:135
LH:133
BRDA:103,0,0,46
BRDA:103,1,0,46
BRDA:108,2,0,46
BRDA:108,2,1,45
BRDA:110,3,0,1
BRDA:110,3,1,0
BRDA:115,4,0,7
BRDA:115,4,1,38
BRDA:115,5,0,7
BRDA:115,5,1,1
BRDA:119,6,0,3
BRDA:119,6,1,35
BRDA:121,7,0,1
BRDA:121,7,1,2
BRDA:122,8,0,2
BRDA:122,8,1,1
BRDA:127,9,0,2
BRDA:127,9,1,33
BRDA:127,10,0,2
BRDA:127,10,1,0
BRDA:131,11,0,2
BRDA:131,11,1,31
BRDA:131,12,0,2
BRDA:131,12,1,0
BRDA:135,13,0,1
BRDA:135,13,1,30
BRDA:135,14,0,1
BRDA:135,14,1,0
BRDA:139,15,0,29
BRDA:139,15,1,1
BRDA:143,16,0,20
BRDA:143,16,1,58
BRDA:148,17,0,8
BRDA:148,17,1,2
BRDA:151,18,0,7
BRDA:151,18,1,130
BRDA:207,19,0,7
BRDA:207,19,1,3
BRDA:207,20,0,10
BRDA:207,20,1,3
BRDA:232,21,0,4
BRDA:232,21,1,22
BRDA:234,22,0,12
BRDA:234,22,1,10
BRDA:234,23,0,22
BRDA:234,23,1,22
BRDA:237,24,0,12
BRDA:237,24,1,0
BRDA:257,25,0,10
BRDA:259,26,0,1
BRDA:259,26,1,9
BRDA:268,27,0,9
BRDA:268,27,1,0
BRDA:268,28,0,9
BRDA:268,28,1,9
BRDA:268,28,2,9
BRDA:284,29,0,9
BRDA:284,29,1,0
BRDA:285,30,0,1
BRDA:285,30,1,8
BRDA:291,31,0,1
BRDA:291,31,1,7
BRDA:291,32,0,8
BRDA:291,32,1,7
BRDA:296,33,0,7
BRDA:296,33,1,1
BRDA:297,34,0,1
BRDA:297,34,1,8
BRDA:298,35,0,1
BRDA:298,35,1,0
BRDA:299,36,0,1
BRDA:299,36,1,0
BRDA:303,37,0,7
BRDA:303,37,1,7
BRDA:306,38,0,9
BRDA:306,38,1,5
BRDA:310,39,0,2
BRDA:310,39,1,7
BRDA:317,40,0,1
BRDA:317,40,1,6
BRDA:329,41,0,1
BRDA:329,41,1,8
BRDA:329,42,0,1
BRDA:329,42,1,8
BRDA:333,43,0,8
BRDA:333,43,1,2
BRDA:335,44,0,2
BRDA:335,44,1,6
BRDA:337,45,0,2
BRDA:337,45,1,0
BRDA:337,46,0,2
BRDA:337,46,1,2
BRDA:351,47,0,1
BRDA:351,47,1,5
BRF:94
BRH:84
end_of_record
